{"/Users/clementadegbenro/CascadeProjects/nigerian-emergency-app/src/components/ContactPicker.js": {"path":"/Users/clementadegbenro/CascadeProjects/nigerian-emergency-app/src/components/ContactPicker.js","statementMap":{"0":{"start":{"line":15,"column":22},"end":{"line":155,"column":1}},"1":{"start":{"line":16,"column":34},"end":{"line":16,"column":46}},"2":{"start":{"line":17,"column":32},"end":{"line":17,"column":46}},"3":{"start":{"line":18,"column":40},"end":{"line":18,"column":52}},"4":{"start":{"line":19,"column":50},"end":{"line":19,"column":62}},"5":{"start":{"line":21,"column":2},"end":{"line":23,"column":9}},"6":{"start":{"line":22,"column":4},"end":{"line":22,"column":19}},"7":{"start":{"line":25,"column":2},"end":{"line":27,"column":30}},"8":{"start":{"line":26,"column":4},"end":{"line":26,"column":21}},"9":{"start":{"line":29,"column":23},"end":{"line":56,"column":3}},"10":{"start":{"line":30,"column":4},"end":{"line":55,"column":5}},"11":{"start":{"line":31,"column":25},"end":{"line":31,"column":65}},"12":{"start":{"line":32,"column":6},"end":{"line":49,"column":7}},"13":{"start":{"line":33,"column":25},"end":{"line":35,"column":10}},"14":{"start":{"line":37,"column":8},"end":{"line":43,"column":9}},"15":{"start":{"line":39,"column":32},"end":{"line":41,"column":57}},"16":{"start":{"line":40,"column":31},"end":{"line":40,"column":86}},"17":{"start":{"line":41,"column":28},"end":{"line":41,"column":56}},"18":{"start":{"line":42,"column":10},"end":{"line":42,"column":37}},"19":{"start":{"line":45,"column":8},"end":{"line":48,"column":10}},"20":{"start":{"line":51,"column":6},"end":{"line":51,"column":54}},"21":{"start":{"line":52,"column":6},"end":{"line":52,"column":27}},"22":{"start":{"line":54,"column":6},"end":{"line":54,"column":24}},"23":{"start":{"line":58,"column":25},"end":{"line":71,"column":3}},"24":{"start":{"line":59,"column":4},"end":{"line":62,"column":5}},"25":{"start":{"line":60,"column":6},"end":{"line":60,"column":36}},"26":{"start":{"line":61,"column":6},"end":{"line":61,"column":13}},"27":{"start":{"line":64,"column":21},"end":{"line":69,"column":5}},"28":{"start":{"line":65,"column":6},"end":{"line":68,"column":7}},"29":{"start":{"line":67,"column":8},"end":{"line":67,"column":42}},"30":{"start":{"line":70,"column":4},"end":{"line":70,"column":34}},"31":{"start":{"line":73,"column":30},"end":{"line":92,"column":3}},"32":{"start":{"line":74,"column":4},"end":{"line":77,"column":5}},"33":{"start":{"line":75,"column":6},"end":{"line":75,"column":77}},"34":{"start":{"line":76,"column":6},"end":{"line":76,"column":13}},"35":{"start":{"line":80,"column":4},"end":{"line":91,"column":5}},"36":{"start":{"line":81,"column":6},"end":{"line":88,"column":8}},"37":{"start":{"line":84,"column":43},"end":{"line":87,"column":9}},"38":{"start":{"line":86,"column":25},"end":{"line":86,"column":79}},"39":{"start":{"line":90,"column":6},"end":{"line":90,"column":31}},"40":{"start":{"line":94,"column":24},"end":{"line":113,"column":3}},"41":{"start":{"line":95,"column":4},"end":{"line":112,"column":23}},"42":{"start":{"line":97,"column":21},"end":{"line":97,"column":46}},"43":{"start":{"line":115,"column":2},"end":{"line":154,"column":4}},"44":{"start":{"line":145,"column":41},"end":{"line":145,"column":62}},"45":{"start":{"line":147,"column":12},"end":{"line":149,"column":19}},"46":{"start":{"line":157,"column":15},"end":{"line":233,"column":2}}},"fnMap":{"0":{"name":"(anonymous_0)","decl":{"start":{"line":15,"column":22},"end":{"line":15,"column":23}},"loc":{"start":{"line":15,"column":56},"end":{"line":155,"column":1}},"line":15},"1":{"name":"(anonymous_1)","decl":{"start":{"line":21,"column":12},"end":{"line":21,"column":13}},"loc":{"start":{"line":21,"column":18},"end":{"line":23,"column":3}},"line":21},"2":{"name":"(anonymous_2)","decl":{"start":{"line":25,"column":12},"end":{"line":25,"column":13}},"loc":{"start":{"line":25,"column":18},"end":{"line":27,"column":3}},"line":25},"3":{"name":"(anonymous_3)","decl":{"start":{"line":29,"column":23},"end":{"line":29,"column":24}},"loc":{"start":{"line":29,"column":35},"end":{"line":56,"column":3}},"line":29},"4":{"name":"(anonymous_4)","decl":{"start":{"line":40,"column":20},"end":{"line":40,"column":21}},"loc":{"start":{"line":40,"column":31},"end":{"line":40,"column":86}},"line":40},"5":{"name":"(anonymous_5)","decl":{"start":{"line":41,"column":18},"end":{"line":41,"column":19}},"loc":{"start":{"line":41,"column":28},"end":{"line":41,"column":56}},"line":41},"6":{"name":"(anonymous_6)","decl":{"start":{"line":58,"column":25},"end":{"line":58,"column":26}},"loc":{"start":{"line":58,"column":31},"end":{"line":71,"column":3}},"line":58},"7":{"name":"(anonymous_7)","decl":{"start":{"line":64,"column":37},"end":{"line":64,"column":38}},"loc":{"start":{"line":65,"column":6},"end":{"line":68,"column":7}},"line":65},"8":{"name":"(anonymous_8)","decl":{"start":{"line":66,"column":32},"end":{"line":66,"column":33}},"loc":{"start":{"line":67,"column":8},"end":{"line":67,"column":42}},"line":67},"9":{"name":"(anonymous_9)","decl":{"start":{"line":73,"column":30},"end":{"line":73,"column":31}},"loc":{"start":{"line":73,"column":43},"end":{"line":92,"column":3}},"line":73},"10":{"name":"(anonymous_10)","decl":{"start":{"line":84,"column":33},"end":{"line":84,"column":34}},"loc":{"start":{"line":84,"column":43},"end":{"line":87,"column":9}},"line":84},"11":{"name":"(anonymous_11)","decl":{"start":{"line":86,"column":19},"end":{"line":86,"column":20}},"loc":{"start":{"line":86,"column":25},"end":{"line":86,"column":79}},"line":86},"12":{"name":"(anonymous_12)","decl":{"start":{"line":94,"column":24},"end":{"line":94,"column":25}},"loc":{"start":{"line":95,"column":4},"end":{"line":112,"column":23}},"line":95},"13":{"name":"(anonymous_13)","decl":{"start":{"line":97,"column":15},"end":{"line":97,"column":16}},"loc":{"start":{"line":97,"column":21},"end":{"line":97,"column":46}},"line":97},"14":{"name":"(anonymous_14)","decl":{"start":{"line":145,"column":24},"end":{"line":145,"column":25}},"loc":{"start":{"line":145,"column":41},"end":{"line":145,"column":62}},"line":145},"15":{"name":"(anonymous_15)","decl":{"start":{"line":146,"column":30},"end":{"line":146,"column":31}},"loc":{"start":{"line":147,"column":12},"end":{"line":149,"column":19}},"line":147}},"branchMap":{"0":{"loc":{"start":{"line":32,"column":6},"end":{"line":49,"column":7}},"type":"if","locations":[{"start":{"line":32,"column":6},"end":{"line":49,"column":7}},{"start":{"line":44,"column":13},"end":{"line":49,"column":7}}],"line":32},"1":{"loc":{"start":{"line":37,"column":8},"end":{"line":43,"column":9}},"type":"if","locations":[{"start":{"line":37,"column":8},"end":{"line":43,"column":9}},{"start":{},"end":{}}],"line":37},"2":{"loc":{"start":{"line":40,"column":31},"end":{"line":40,"column":86}},"type":"binary-expr","locations":[{"start":{"line":40,"column":31},"end":{"line":40,"column":51}},{"start":{"line":40,"column":55},"end":{"line":40,"column":86}}],"line":40},"3":{"loc":{"start":{"line":59,"column":4},"end":{"line":62,"column":5}},"type":"if","locations":[{"start":{"line":59,"column":4},"end":{"line":62,"column":5}},{"start":{},"end":{}}],"line":59},"4":{"loc":{"start":{"line":65,"column":6},"end":{"line":68,"column":7}},"type":"binary-expr","locations":[{"start":{"line":65,"column":6},"end":{"line":65,"column":68}},{"start":{"line":66,"column":6},"end":{"line":68,"column":7}}],"line":65},"5":{"loc":{"start":{"line":74,"column":4},"end":{"line":77,"column":5}},"type":"if","locations":[{"start":{"line":74,"column":4},"end":{"line":77,"column":5}},{"start":{},"end":{}}],"line":74},"6":{"loc":{"start":{"line":74,"column":8},"end":{"line":74,"column":66}},"type":"binary-expr","locations":[{"start":{"line":74,"column":8},"end":{"line":74,"column":29}},{"start":{"line":74,"column":33},"end":{"line":74,"column":66}}],"line":74},"7":{"loc":{"start":{"line":80,"column":4},"end":{"line":91,"column":5}},"type":"if","locations":[{"start":{"line":80,"column":4},"end":{"line":91,"column":5}},{"start":{"line":89,"column":11},"end":{"line":91,"column":5}}],"line":80},"8":{"loc":{"start":{"line":106,"column":9},"end":{"line":110,"column":9}},"type":"binary-expr","locations":[{"start":{"line":106,"column":9},"end":{"line":106,"column":26}},{"start":{"line":106,"column":30},"end":{"line":106,"column":50}},{"start":{"line":107,"column":10},"end":{"line":109,"column":17}}],"line":106},"9":{"loc":{"start":{"line":139,"column":7},"end":{"line":152,"column":7}},"type":"cond-expr","locations":[{"start":{"line":140,"column":8},"end":{"line":140,"column":80}},{"start":{"line":142,"column":8},"end":{"line":151,"column":10}}],"line":139},"10":{"loc":{"start":{"line":148,"column":15},"end":{"line":148,"column":83}},"type":"cond-expr","locations":[{"start":{"line":148,"column":29},"end":{"line":148,"column":57}},{"start":{"line":148,"column":60},"end":{"line":148,"column":83}}],"line":148}},"s":{"0":0,"1":0,"2":0,"3":0,"4":0,"5":0,"6":0,"7":0,"8":0,"9":0,"10":0,"11":0,"12":0,"13":0,"14":0,"15":0,"16":0,"17":0,"18":0,"19":0,"20":0,"21":0,"22":0,"23":0,"24":0,"25":0,"26":0,"27":0,"28":0,"29":0,"30":0,"31":0,"32":0,"33":0,"34":0,"35":0,"36":0,"37":0,"38":0,"39":0,"40":0,"41":0,"42":0,"43":0,"44":0,"45":0,"46":0},"f":{"0":0,"1":0,"2":0,"3":0,"4":0,"5":0,"6":0,"7":0,"8":0,"9":0,"10":0,"11":0,"12":0,"13":0,"14":0,"15":0},"b":{"0":[0,0],"1":[0,0],"2":[0,0],"3":[0,0],"4":[0,0],"5":[0,0],"6":[0,0],"7":[0,0],"8":[0,0,0],"9":[0,0],"10":[0,0]}}
,"/Users/clementadegbenro/CascadeProjects/nigerian-emergency-app/src/components/ContactRelationshipModal.js": {"path":"/Users/clementadegbenro/CascadeProjects/nigerian-emergency-app/src/components/ContactRelationshipModal.js","statementMap":{"0":{"start":{"line":13,"column":22},"end":{"line":23,"column":1}},"1":{"start":{"line":25,"column":19},"end":{"line":29,"column":1}},"2":{"start":{"line":31,"column":33},"end":{"line":128,"column":1}},"3":{"start":{"line":32,"column":42},"end":{"line":32,"column":83}},"4":{"start":{"line":33,"column":54},"end":{"line":33,"column":66}},"5":{"start":{"line":34,"column":34},"end":{"line":34,"column":70}},"6":{"start":{"line":35,"column":28},"end":{"line":35,"column":62}},"7":{"start":{"line":37,"column":21},"end":{"line":44,"column":3}},"8":{"start":{"line":38,"column":4},"end":{"line":42,"column":7}},"9":{"start":{"line":43,"column":4},"end":{"line":43,"column":14}},"10":{"start":{"line":46,"column":2},"end":{"line":127,"column":4}},"11":{"start":{"line":66,"column":16},"end":{"line":82,"column":35}},"12":{"start":{"line":72,"column":33},"end":{"line":72,"column":53}},"13":{"start":{"line":97,"column":14},"end":{"line":107,"column":33}},"14":{"start":{"line":103,"column":31},"end":{"line":103,"column":48}},"15":{"start":{"line":130,"column":15},"end":{"line":237,"column":2}}},"fnMap":{"0":{"name":"(anonymous_0)","decl":{"start":{"line":31,"column":33},"end":{"line":31,"column":34}},"loc":{"start":{"line":31,"column":80},"end":{"line":128,"column":1}},"line":31},"1":{"name":"(anonymous_1)","decl":{"start":{"line":37,"column":21},"end":{"line":37,"column":22}},"loc":{"start":{"line":37,"column":27},"end":{"line":44,"column":3}},"line":37},"2":{"name":"(anonymous_2)","decl":{"start":{"line":65,"column":33},"end":{"line":65,"column":34}},"loc":{"start":{"line":66,"column":16},"end":{"line":82,"column":35}},"line":66},"3":{"name":"(anonymous_3)","decl":{"start":{"line":72,"column":27},"end":{"line":72,"column":28}},"loc":{"start":{"line":72,"column":33},"end":{"line":72,"column":53}},"line":72},"4":{"name":"(anonymous_4)","decl":{"start":{"line":96,"column":28},"end":{"line":96,"column":29}},"loc":{"start":{"line":97,"column":14},"end":{"line":107,"column":33}},"line":97},"5":{"name":"(anonymous_5)","decl":{"start":{"line":103,"column":25},"end":{"line":103,"column":26}},"loc":{"start":{"line":103,"column":31},"end":{"line":103,"column":48}},"line":103}},"branchMap":{"0":{"loc":{"start":{"line":32,"column":51},"end":{"line":32,"column":82}},"type":"binary-expr","locations":[{"start":{"line":32,"column":51},"end":{"line":32,"column":76}},{"start":{"line":32,"column":80},"end":{"line":32,"column":82}}],"line":32},"1":{"loc":{"start":{"line":34,"column":43},"end":{"line":34,"column":69}},"type":"binary-expr","locations":[{"start":{"line":34,"column":43},"end":{"line":34,"column":64}},{"start":{"line":34,"column":68},"end":{"line":34,"column":69}}],"line":34},"2":{"loc":{"start":{"line":35,"column":37},"end":{"line":35,"column":61}},"type":"binary-expr","locations":[{"start":{"line":35,"column":37},"end":{"line":35,"column":55}},{"start":{"line":35,"column":59},"end":{"line":35,"column":61}}],"line":35},"3":{"loc":{"start":{"line":39,"column":20},"end":{"line":39,"column":80}},"type":"cond-expr","locations":[{"start":{"line":39,"column":47},"end":{"line":39,"column":65}},{"start":{"line":39,"column":68},"end":{"line":39,"column":80}}],"line":39},"4":{"loc":{"start":{"line":70,"column":20},"end":{"line":70,"column":71}},"type":"binary-expr","locations":[{"start":{"line":70,"column":20},"end":{"line":70,"column":40}},{"start":{"line":70,"column":44},"end":{"line":70,"column":71}}],"line":70},"5":{"loc":{"start":{"line":77,"column":22},"end":{"line":77,"column":77}},"type":"binary-expr","locations":[{"start":{"line":77,"column":22},"end":{"line":77,"column":42}},{"start":{"line":77,"column":46},"end":{"line":77,"column":77}}],"line":77},"6":{"loc":{"start":{"line":86,"column":13},"end":{"line":93,"column":13}},"type":"binary-expr","locations":[{"start":{"line":86,"column":13},"end":{"line":86,"column":37}},{"start":{"line":87,"column":14},"end":{"line":92,"column":16}}],"line":86},"7":{"loc":{"start":{"line":101,"column":18},"end":{"line":101,"column":62}},"type":"binary-expr","locations":[{"start":{"line":101,"column":18},"end":{"line":101,"column":35}},{"start":{"line":101,"column":39},"end":{"line":101,"column":62}}],"line":101}},"s":{"0":0,"1":0,"2":0,"3":0,"4":0,"5":0,"6":0,"7":0,"8":0,"9":0,"10":0,"11":0,"12":0,"13":0,"14":0,"15":0},"f":{"0":0,"1":0,"2":0,"3":0,"4":0,"5":0},"b":{"0":[0,0],"1":[0,0],"2":[0,0],"3":[0,0],"4":[0,0],"5":[0,0],"6":[0,0],"7":[0,0]}}
,"/Users/clementadegbenro/CascadeProjects/nigerian-emergency-app/src/components/EmergencyButton.js": {"path":"/Users/clementadegbenro/CascadeProjects/nigerian-emergency-app/src/components/EmergencyButton.js","statementMap":{"0":{"start":{"line":19,"column":24},"end":{"line":233,"column":1}},"1":{"start":{"line":20,"column":40},"end":{"line":20,"column":55}},"2":{"start":{"line":21,"column":30},"end":{"line":21,"column":44}},"3":{"start":{"line":22,"column":46},"end":{"line":22,"column":60}},"4":{"start":{"line":23,"column":40},"end":{"line":23,"column":54}},"5":{"start":{"line":24,"column":20},"end":{"line":24,"column":57}},"6":{"start":{"line":25,"column":21},"end":{"line":25,"column":36}},"7":{"start":{"line":27,"column":2},"end":{"line":29,"column":9}},"8":{"start":{"line":28,"column":4},"end":{"line":28,"column":23}},"9":{"start":{"line":31,"column":27},"end":{"line":41,"column":3}},"10":{"start":{"line":32,"column":37},"end":{"line":32,"column":81}},"11":{"start":{"line":33,"column":36},"end":{"line":33,"column":73}},"12":{"start":{"line":34,"column":36},"end":{"line":34,"column":80}},"13":{"start":{"line":36,"column":4},"end":{"line":40,"column":7}},"14":{"start":{"line":43,"column":30},"end":{"line":60,"column":3}},"15":{"start":{"line":44,"column":4},"end":{"line":59,"column":7}},"16":{"start":{"line":56,"column":6},"end":{"line":58,"column":7}},"17":{"start":{"line":57,"column":8},"end":{"line":57,"column":30}},"18":{"start":{"line":62,"column":25},"end":{"line":83,"column":3}},"19":{"start":{"line":63,"column":4},"end":{"line":66,"column":5}},"20":{"start":{"line":64,"column":6},"end":{"line":64,"column":99}},"21":{"start":{"line":65,"column":6},"end":{"line":65,"column":13}},"22":{"start":{"line":68,"column":4},"end":{"line":68,"column":25}},"23":{"start":{"line":69,"column":4},"end":{"line":69,"column":26}},"24":{"start":{"line":70,"column":4},"end":{"line":70,"column":27}},"25":{"start":{"line":73,"column":4},"end":{"line":76,"column":5}},"26":{"start":{"line":74,"column":29},"end":{"line":74,"column":55}},"27":{"start":{"line":75,"column":6},"end":{"line":75,"column":64}},"28":{"start":{"line":79,"column":26},"end":{"line":81,"column":5}},"29":{"start":{"line":82,"column":4},"end":{"line":82,"column":33}},"30":{"start":{"line":85,"column":24},"end":{"line":98,"column":3}},"31":{"start":{"line":86,"column":4},"end":{"line":86,"column":26}},"32":{"start":{"line":87,"column":4},"end":{"line":87,"column":26}},"33":{"start":{"line":89,"column":4},"end":{"line":91,"column":5}},"34":{"start":{"line":90,"column":6},"end":{"line":90,"column":29}},"35":{"start":{"line":93,"column":4},"end":{"line":97,"column":5}},"36":{"start":{"line":94,"column":6},"end":{"line":94,"column":48}},"37":{"start":{"line":95,"column":18},"end":{"line":95,"column":41}},"38":{"start":{"line":96,"column":6},"end":{"line":96,"column":49}},"39":{"start":{"line":100,"column":25},"end":{"line":154,"column":3}},"40":{"start":{"line":101,"column":29},"end":{"line":104,"column":12}},"41":{"start":{"line":103,"column":6},"end":{"line":103,"column":29}},"42":{"start":{"line":106,"column":27},"end":{"line":148,"column":5}},"43":{"start":{"line":107,"column":6},"end":{"line":107,"column":37}},"44":{"start":{"line":108,"column":6},"end":{"line":147,"column":7}},"45":{"start":{"line":109,"column":8},"end":{"line":109,"column":30}},"46":{"start":{"line":112,"column":8},"end":{"line":112,"column":31}},"47":{"start":{"line":113,"column":27},"end":{"line":113,"column":77}},"48":{"start":{"line":115,"column":8},"end":{"line":146,"column":9}},"49":{"start":{"line":116,"column":27},"end":{"line":116,"column":69}},"50":{"start":{"line":117,"column":10},"end":{"line":117,"column":41}},"51":{"start":{"line":120,"column":10},"end":{"line":124,"column":13}},"52":{"start":{"line":127,"column":34},"end":{"line":130,"column":12}},"53":{"start":{"line":132,"column":10},"end":{"line":145,"column":12}},"54":{"start":{"line":142,"column":31},"end":{"line":142,"column":63}},"55":{"start":{"line":150,"column":4},"end":{"line":153,"column":6}},"56":{"start":{"line":151,"column":6},"end":{"line":151,"column":37}},"57":{"start":{"line":152,"column":6},"end":{"line":152,"column":23}},"58":{"start":{"line":156,"column":25},"end":{"line":198,"column":3}},"59":{"start":{"line":157,"column":4},"end":{"line":157,"column":35}},"60":{"start":{"line":158,"column":4},"end":{"line":197,"column":5}},"61":{"start":{"line":159,"column":6},"end":{"line":159,"column":28}},"62":{"start":{"line":162,"column":6},"end":{"line":162,"column":29}},"63":{"start":{"line":163,"column":25},"end":{"line":163,"column":75}},"64":{"start":{"line":165,"column":6},"end":{"line":196,"column":7}},"65":{"start":{"line":166,"column":25},"end":{"line":166,"column":67}},"66":{"start":{"line":167,"column":8},"end":{"line":167,"column":39}},"67":{"start":{"line":170,"column":8},"end":{"line":174,"column":11}},"68":{"start":{"line":177,"column":32},"end":{"line":180,"column":10}},"69":{"start":{"line":182,"column":8},"end":{"line":195,"column":10}},"70":{"start":{"line":192,"column":29},"end":{"line":192,"column":61}},"71":{"start":{"line":200,"column":2},"end":{"line":232,"column":4}},"72":{"start":{"line":226,"column":22},"end":{"line":226,"column":36}},"73":{"start":{"line":235,"column":15},"end":{"line":266,"column":2}}},"fnMap":{"0":{"name":"(anonymous_0)","decl":{"start":{"line":19,"column":24},"end":{"line":19,"column":25}},"loc":{"start":{"line":19,"column":54},"end":{"line":233,"column":1}},"line":19},"1":{"name":"(anonymous_1)","decl":{"start":{"line":27,"column":12},"end":{"line":27,"column":13}},"loc":{"start":{"line":27,"column":18},"end":{"line":29,"column":3}},"line":27},"2":{"name":"(anonymous_2)","decl":{"start":{"line":31,"column":27},"end":{"line":31,"column":28}},"loc":{"start":{"line":31,"column":39},"end":{"line":41,"column":3}},"line":31},"3":{"name":"(anonymous_3)","decl":{"start":{"line":43,"column":30},"end":{"line":43,"column":31}},"loc":{"start":{"line":43,"column":36},"end":{"line":60,"column":3}},"line":43},"4":{"name":"(anonymous_4)","decl":{"start":{"line":55,"column":13},"end":{"line":55,"column":14}},"loc":{"start":{"line":55,"column":19},"end":{"line":59,"column":5}},"line":55},"5":{"name":"(anonymous_5)","decl":{"start":{"line":62,"column":25},"end":{"line":62,"column":26}},"loc":{"start":{"line":62,"column":37},"end":{"line":83,"column":3}},"line":62},"6":{"name":"(anonymous_6)","decl":{"start":{"line":85,"column":24},"end":{"line":85,"column":25}},"loc":{"start":{"line":85,"column":36},"end":{"line":98,"column":3}},"line":85},"7":{"name":"(anonymous_7)","decl":{"start":{"line":100,"column":25},"end":{"line":100,"column":26}},"loc":{"start":{"line":100,"column":37},"end":{"line":154,"column":3}},"line":100},"8":{"name":"(anonymous_8)","decl":{"start":{"line":101,"column":40},"end":{"line":101,"column":41}},"loc":{"start":{"line":101,"column":52},"end":{"line":104,"column":5}},"line":101},"9":{"name":"(anonymous_9)","decl":{"start":{"line":106,"column":27},"end":{"line":106,"column":28}},"loc":{"start":{"line":106,"column":39},"end":{"line":148,"column":5}},"line":106},"10":{"name":"(anonymous_10)","decl":{"start":{"line":142,"column":25},"end":{"line":142,"column":26}},"loc":{"start":{"line":142,"column":31},"end":{"line":142,"column":63}},"line":142},"11":{"name":"(anonymous_11)","decl":{"start":{"line":150,"column":11},"end":{"line":150,"column":12}},"loc":{"start":{"line":150,"column":17},"end":{"line":153,"column":5}},"line":150},"12":{"name":"(anonymous_12)","decl":{"start":{"line":156,"column":25},"end":{"line":156,"column":26}},"loc":{"start":{"line":156,"column":37},"end":{"line":198,"column":3}},"line":156},"13":{"name":"(anonymous_13)","decl":{"start":{"line":192,"column":23},"end":{"line":192,"column":24}},"loc":{"start":{"line":192,"column":29},"end":{"line":192,"column":61}},"line":192},"14":{"name":"(anonymous_14)","decl":{"start":{"line":226,"column":15},"end":{"line":226,"column":16}},"loc":{"start":{"line":226,"column":22},"end":{"line":226,"column":36}},"line":226}},"branchMap":{"0":{"loc":{"start":{"line":56,"column":6},"end":{"line":58,"column":7}},"type":"if","locations":[{"start":{"line":56,"column":6},"end":{"line":58,"column":7}},{"start":{},"end":{}}],"line":56},"1":{"loc":{"start":{"line":63,"column":4},"end":{"line":66,"column":5}},"type":"if","locations":[{"start":{"line":63,"column":4},"end":{"line":66,"column":5}},{"start":{},"end":{}}],"line":63},"2":{"loc":{"start":{"line":63,"column":8},"end":{"line":63,"column":49}},"type":"binary-expr","locations":[{"start":{"line":63,"column":8},"end":{"line":63,"column":27}},{"start":{"line":63,"column":31},"end":{"line":63,"column":49}}],"line":63},"3":{"loc":{"start":{"line":73,"column":4},"end":{"line":76,"column":5}},"type":"if","locations":[{"start":{"line":73,"column":4},"end":{"line":76,"column":5}},{"start":{},"end":{}}],"line":73},"4":{"loc":{"start":{"line":89,"column":4},"end":{"line":91,"column":5}},"type":"if","locations":[{"start":{"line":89,"column":4},"end":{"line":91,"column":5}},{"start":{},"end":{}}],"line":89},"5":{"loc":{"start":{"line":93,"column":4},"end":{"line":97,"column":5}},"type":"if","locations":[{"start":{"line":93,"column":4},"end":{"line":97,"column":5}},{"start":{},"end":{}}],"line":93},"6":{"loc":{"start":{"line":108,"column":6},"end":{"line":147,"column":7}},"type":"if","locations":[{"start":{"line":108,"column":6},"end":{"line":147,"column":7}},{"start":{"line":110,"column":13},"end":{"line":147,"column":7}}],"line":108},"7":{"loc":{"start":{"line":115,"column":8},"end":{"line":146,"column":9}},"type":"if","locations":[{"start":{"line":115,"column":8},"end":{"line":146,"column":9}},{"start":{},"end":{}}],"line":115},"8":{"loc":{"start":{"line":158,"column":4},"end":{"line":197,"column":5}},"type":"if","locations":[{"start":{"line":158,"column":4},"end":{"line":197,"column":5}},{"start":{"line":160,"column":11},"end":{"line":197,"column":5}}],"line":158},"9":{"loc":{"start":{"line":165,"column":6},"end":{"line":196,"column":7}},"type":"if","locations":[{"start":{"line":165,"column":6},"end":{"line":196,"column":7}},{"start":{},"end":{}}],"line":165},"10":{"loc":{"start":{"line":213,"column":31},"end":{"line":213,"column":66}},"type":"cond-expr","locations":[{"start":{"line":213,"column":45},"end":{"line":213,"column":54}},{"start":{"line":213,"column":57},"end":{"line":213,"column":66}}],"line":213},"11":{"loc":{"start":{"line":218,"column":18},"end":{"line":218,"column":61}},"type":"cond-expr","locations":[{"start":{"line":218,"column":32},"end":{"line":218,"column":49}},{"start":{"line":218,"column":52},"end":{"line":218,"column":61}}],"line":218},"12":{"loc":{"start":{"line":224,"column":7},"end":{"line":230,"column":7}},"type":"binary-expr","locations":[{"start":{"line":224,"column":7},"end":{"line":224,"column":18}},{"start":{"line":225,"column":8},"end":{"line":229,"column":10}}],"line":224}},"s":{"0":0,"1":0,"2":0,"3":0,"4":0,"5":0,"6":0,"7":0,"8":0,"9":0,"10":0,"11":0,"12":0,"13":0,"14":0,"15":0,"16":0,"17":0,"18":0,"19":0,"20":0,"21":0,"22":0,"23":0,"24":0,"25":0,"26":0,"27":0,"28":0,"29":0,"30":0,"31":0,"32":0,"33":0,"34":0,"35":0,"36":0,"37":0,"38":0,"39":0,"40":0,"41":0,"42":0,"43":0,"44":0,"45":0,"46":0,"47":0,"48":0,"49":0,"50":0,"51":0,"52":0,"53":0,"54":0,"55":0,"56":0,"57":0,"58":0,"59":0,"60":0,"61":0,"62":0,"63":0,"64":0,"65":0,"66":0,"67":0,"68":0,"69":0,"70":0,"71":0,"72":0,"73":0},"f":{"0":0,"1":0,"2":0,"3":0,"4":0,"5":0,"6":0,"7":0,"8":0,"9":0,"10":0,"11":0,"12":0,"13":0,"14":0},"b":{"0":[0,0],"1":[0,0],"2":[0,0],"3":[0,0],"4":[0,0],"5":[0,0],"6":[0,0],"7":[0,0],"8":[0,0],"9":[0,0],"10":[0,0],"11":[0,0],"12":[0,0]}}
,"/Users/clementadegbenro/CascadeProjects/nigerian-emergency-app/src/components/EmergencyContactManager.js": {"path":"/Users/clementadegbenro/CascadeProjects/nigerian-emergency-app/src/components/EmergencyContactManager.js","statementMap":{"0":{"start":{"line":17,"column":39},"end":{"line":201,"column":1}},"1":{"start":{"line":18,"column":34},"end":{"line":18,"column":46}},"2":{"start":{"line":19,"column":52},"end":{"line":19,"column":64}},"3":{"start":{"line":20,"column":32},"end":{"line":20,"column":47}},"4":{"start":{"line":21,"column":52},"end":{"line":21,"column":67}},"5":{"start":{"line":22,"column":60},"end":{"line":22,"column":75}},"6":{"start":{"line":23,"column":48},"end":{"line":23,"column":62}},"7":{"start":{"line":25,"column":2},"end":{"line":27,"column":9}},"8":{"start":{"line":26,"column":4},"end":{"line":26,"column":28}},"9":{"start":{"line":29,"column":32},"end":{"line":49,"column":3}},"10":{"start":{"line":30,"column":4},"end":{"line":48,"column":5}},"11":{"start":{"line":31,"column":6},"end":{"line":31,"column":23}},"12":{"start":{"line":32,"column":24},"end":{"line":32,"column":59}},"13":{"start":{"line":33,"column":23},"end":{"line":37,"column":8}},"14":{"start":{"line":39,"column":19},"end":{"line":39,"column":40}},"15":{"start":{"line":40,"column":6},"end":{"line":40,"column":54}},"16":{"start":{"line":40,"column":24},"end":{"line":40,"column":54}},"17":{"start":{"line":42,"column":6},"end":{"line":42,"column":42}},"18":{"start":{"line":44,"column":6},"end":{"line":44,"column":64}},"19":{"start":{"line":45,"column":6},"end":{"line":45,"column":64}},"20":{"start":{"line":47,"column":6},"end":{"line":47,"column":24}},"21":{"start":{"line":51,"column":27},"end":{"line":75,"column":3}},"22":{"start":{"line":52,"column":4},"end":{"line":74,"column":5}},"23":{"start":{"line":53,"column":25},"end":{"line":53,"column":65}},"24":{"start":{"line":54,"column":6},"end":{"line":57,"column":7}},"25":{"start":{"line":55,"column":8},"end":{"line":55,"column":67}},"26":{"start":{"line":56,"column":8},"end":{"line":56,"column":15}},"27":{"start":{"line":59,"column":23},"end":{"line":61,"column":8}},"28":{"start":{"line":63,"column":6},"end":{"line":70,"column":7}},"29":{"start":{"line":64,"column":8},"end":{"line":67,"column":11}},"30":{"start":{"line":68,"column":8},"end":{"line":68,"column":36}},"31":{"start":{"line":69,"column":8},"end":{"line":69,"column":39}},"32":{"start":{"line":72,"column":6},"end":{"line":72,"column":56}},"33":{"start":{"line":73,"column":6},"end":{"line":73,"column":56}},"34":{"start":{"line":77,"column":31},"end":{"line":102,"column":3}},"35":{"start":{"line":78,"column":4},"end":{"line":101,"column":5}},"36":{"start":{"line":79,"column":6},"end":{"line":79,"column":23}},"37":{"start":{"line":80,"column":24},"end":{"line":80,"column":59}},"38":{"start":{"line":81,"column":23},"end":{"line":88,"column":8}},"39":{"start":{"line":90,"column":19},"end":{"line":90,"column":40}},"40":{"start":{"line":91,"column":6},"end":{"line":91,"column":54}},"41":{"start":{"line":91,"column":24},"end":{"line":91,"column":54}},"42":{"start":{"line":93,"column":6},"end":{"line":93,"column":65}},"43":{"start":{"line":94,"column":6},"end":{"line":94,"column":26}},"44":{"start":{"line":96,"column":6},"end":{"line":96,"column":62}},"45":{"start":{"line":97,"column":6},"end":{"line":97,"column":63}},"46":{"start":{"line":98,"column":6},"end":{"line":98,"column":18}},"47":{"start":{"line":100,"column":6},"end":{"line":100,"column":24}},"48":{"start":{"line":104,"column":33},"end":{"line":127,"column":3}},"49":{"start":{"line":105,"column":4},"end":{"line":126,"column":5}},"50":{"start":{"line":106,"column":6},"end":{"line":106,"column":23}},"51":{"start":{"line":107,"column":24},"end":{"line":107,"column":59}},"52":{"start":{"line":108,"column":23},"end":{"line":113,"column":8}},"53":{"start":{"line":115,"column":6},"end":{"line":118,"column":7}},"54":{"start":{"line":116,"column":21},"end":{"line":116,"column":42}},"55":{"start":{"line":117,"column":8},"end":{"line":117,"column":38}},"56":{"start":{"line":120,"column":6},"end":{"line":120,"column":78}},"57":{"start":{"line":120,"column":57},"end":{"line":120,"column":75}},"58":{"start":{"line":122,"column":6},"end":{"line":122,"column":64}},"59":{"start":{"line":123,"column":6},"end":{"line":123,"column":65}},"60":{"start":{"line":125,"column":6},"end":{"line":125,"column":24}},"61":{"start":{"line":129,"column":35},"end":{"line":145,"column":3}},"62":{"start":{"line":130,"column":4},"end":{"line":144,"column":5}},"63":{"start":{"line":131,"column":6},"end":{"line":131,"column":23}},"64":{"start":{"line":132,"column":26},"end":{"line":135,"column":7}},"65":{"start":{"line":137,"column":6},"end":{"line":137,"column":46}},"66":{"start":{"line":138,"column":6},"end":{"line":138,"column":38}},"67":{"start":{"line":140,"column":6},"end":{"line":140,"column":60}},"68":{"start":{"line":141,"column":6},"end":{"line":141,"column":61}},"69":{"start":{"line":143,"column":6},"end":{"line":143,"column":24}},"70":{"start":{"line":147,"column":24},"end":{"line":171,"column":3}},"71":{"start":{"line":148,"column":4},"end":{"line":170,"column":11}},"72":{"start":{"line":153,"column":10},"end":{"line":164,"column":12}},"73":{"start":{"line":160,"column":31},"end":{"line":160,"column":62}},"74":{"start":{"line":173,"column":2},"end":{"line":200,"column":4}},"75":{"start":{"line":181,"column":34},"end":{"line":181,"column":41}},"76":{"start":{"line":190,"column":30},"end":{"line":190,"column":61}},"77":{"start":{"line":194,"column":25},"end":{"line":194,"column":56}},"78":{"start":{"line":203,"column":15},"end":{"line":245,"column":2}}},"fnMap":{"0":{"name":"(anonymous_0)","decl":{"start":{"line":17,"column":39},"end":{"line":17,"column":40}},"loc":{"start":{"line":17,"column":45},"end":{"line":201,"column":1}},"line":17},"1":{"name":"(anonymous_1)","decl":{"start":{"line":25,"column":12},"end":{"line":25,"column":13}},"loc":{"start":{"line":25,"column":18},"end":{"line":27,"column":3}},"line":25},"2":{"name":"(anonymous_2)","decl":{"start":{"line":29,"column":32},"end":{"line":29,"column":33}},"loc":{"start":{"line":29,"column":44},"end":{"line":49,"column":3}},"line":29},"3":{"name":"(anonymous_3)","decl":{"start":{"line":51,"column":27},"end":{"line":51,"column":28}},"loc":{"start":{"line":51,"column":39},"end":{"line":75,"column":3}},"line":51},"4":{"name":"(anonymous_4)","decl":{"start":{"line":77,"column":31},"end":{"line":77,"column":32}},"loc":{"start":{"line":77,"column":54},"end":{"line":102,"column":3}},"line":77},"5":{"name":"(anonymous_5)","decl":{"start":{"line":104,"column":33},"end":{"line":104,"column":34}},"loc":{"start":{"line":104,"column":54},"end":{"line":127,"column":3}},"line":104},"6":{"name":"(anonymous_6)","decl":{"start":{"line":120,"column":52},"end":{"line":120,"column":53}},"loc":{"start":{"line":120,"column":57},"end":{"line":120,"column":75}},"line":120},"7":{"name":"(anonymous_7)","decl":{"start":{"line":129,"column":35},"end":{"line":129,"column":36}},"loc":{"start":{"line":129,"column":54},"end":{"line":145,"column":3}},"line":129},"8":{"name":"(anonymous_8)","decl":{"start":{"line":147,"column":24},"end":{"line":147,"column":25}},"loc":{"start":{"line":148,"column":4},"end":{"line":170,"column":11}},"line":148},"9":{"name":"(anonymous_9)","decl":{"start":{"line":152,"column":17},"end":{"line":152,"column":18}},"loc":{"start":{"line":152,"column":23},"end":{"line":165,"column":9}},"line":152},"10":{"name":"(anonymous_10)","decl":{"start":{"line":160,"column":25},"end":{"line":160,"column":26}},"loc":{"start":{"line":160,"column":31},"end":{"line":160,"column":62}},"line":160},"11":{"name":"(anonymous_11)","decl":{"start":{"line":181,"column":24},"end":{"line":181,"column":25}},"loc":{"start":{"line":181,"column":34},"end":{"line":181,"column":41}},"line":181},"12":{"name":"(anonymous_12)","decl":{"start":{"line":190,"column":24},"end":{"line":190,"column":25}},"loc":{"start":{"line":190,"column":30},"end":{"line":190,"column":61}},"line":190},"13":{"name":"(anonymous_13)","decl":{"start":{"line":194,"column":19},"end":{"line":194,"column":20}},"loc":{"start":{"line":194,"column":25},"end":{"line":194,"column":56}},"line":194}},"branchMap":{"0":{"loc":{"start":{"line":40,"column":6},"end":{"line":40,"column":54}},"type":"if","locations":[{"start":{"line":40,"column":6},"end":{"line":40,"column":54}},{"start":{},"end":{}}],"line":40},"1":{"loc":{"start":{"line":54,"column":6},"end":{"line":57,"column":7}},"type":"if","locations":[{"start":{"line":54,"column":6},"end":{"line":57,"column":7}},{"start":{},"end":{}}],"line":54},"2":{"loc":{"start":{"line":63,"column":6},"end":{"line":70,"column":7}},"type":"if","locations":[{"start":{"line":63,"column":6},"end":{"line":70,"column":7}},{"start":{},"end":{}}],"line":63},"3":{"loc":{"start":{"line":91,"column":6},"end":{"line":91,"column":54}},"type":"if","locations":[{"start":{"line":91,"column":6},"end":{"line":91,"column":54}},{"start":{},"end":{}}],"line":91},"4":{"loc":{"start":{"line":115,"column":6},"end":{"line":118,"column":7}},"type":"if","locations":[{"start":{"line":115,"column":6},"end":{"line":118,"column":7}},{"start":{},"end":{}}],"line":115},"5":{"loc":{"start":{"line":175,"column":7},"end":{"line":183,"column":7}},"type":"cond-expr","locations":[{"start":{"line":176,"column":8},"end":{"line":176,"column":31}},{"start":{"line":178,"column":8},"end":{"line":182,"column":10}}],"line":175}},"s":{"0":0,"1":0,"2":0,"3":0,"4":0,"5":0,"6":0,"7":0,"8":0,"9":0,"10":0,"11":0,"12":0,"13":0,"14":0,"15":0,"16":0,"17":0,"18":0,"19":0,"20":0,"21":0,"22":0,"23":0,"24":0,"25":0,"26":0,"27":0,"28":0,"29":0,"30":0,"31":0,"32":0,"33":0,"34":0,"35":0,"36":0,"37":0,"38":0,"39":0,"40":0,"41":0,"42":0,"43":0,"44":0,"45":0,"46":0,"47":0,"48":0,"49":0,"50":0,"51":0,"52":0,"53":0,"54":0,"55":0,"56":0,"57":0,"58":0,"59":0,"60":0,"61":0,"62":0,"63":0,"64":0,"65":0,"66":0,"67":0,"68":0,"69":0,"70":0,"71":0,"72":0,"73":0,"74":0,"75":0,"76":0,"77":0,"78":0},"f":{"0":0,"1":0,"2":0,"3":0,"4":0,"5":0,"6":0,"7":0,"8":0,"9":0,"10":0,"11":0,"12":0,"13":0},"b":{"0":[0,0],"1":[0,0],"2":[0,0],"3":[0,0],"4":[0,0],"5":[0,0]}}
,"/Users/clementadegbenro/CascadeProjects/nigerian-emergency-app/src/components/EmergencyMap.js": {"path":"/Users/clementadegbenro/CascadeProjects/nigerian-emergency-app/src/components/EmergencyMap.js","statementMap":{"0":{"start":{"line":7,"column":21},"end":{"line":92,"column":1}},"1":{"start":{"line":14,"column":36},"end":{"line":14,"column":50}},"2":{"start":{"line":15,"column":48},"end":{"line":15,"column":62}},"3":{"start":{"line":16,"column":34},"end":{"line":16,"column":49}},"4":{"start":{"line":18,"column":2},"end":{"line":20,"column":9}},"5":{"start":{"line":19,"column":4},"end":{"line":19,"column":26}},"6":{"start":{"line":22,"column":30},"end":{"line":36,"column":3}},"7":{"start":{"line":23,"column":4},"end":{"line":35,"column":5}},"8":{"start":{"line":24,"column":23},"end":{"line":24,"column":74}},"9":{"start":{"line":25,"column":6},"end":{"line":30,"column":9}},"10":{"start":{"line":32,"column":6},"end":{"line":32,"column":62}},"11":{"start":{"line":34,"column":6},"end":{"line":34,"column":26}},"12":{"start":{"line":38,"column":25},"end":{"line":55,"column":3}},"13":{"start":{"line":39,"column":4},"end":{"line":39,"column":22}},"14":{"start":{"line":40,"column":4},"end":{"line":54,"column":5}},"15":{"start":{"line":41,"column":6},"end":{"line":53,"column":7}},"16":{"start":{"line":42,"column":31},"end":{"line":42,"column":83}},"17":{"start":{"line":43,"column":8},"end":{"line":50,"column":9}},"18":{"start":{"line":45,"column":10},"end":{"line":49,"column":12}},"19":{"start":{"line":52,"column":8},"end":{"line":52,"column":61}},"20":{"start":{"line":57,"column":2},"end":{"line":63,"column":3}},"21":{"start":{"line":58,"column":4},"end":{"line":62,"column":6}},"22":{"start":{"line":65,"column":2},"end":{"line":91,"column":4}},"23":{"start":{"line":78,"column":10},"end":{"line":87,"column":12}},"24":{"start":{"line":94,"column":15},"end":{"line":106,"column":2}}},"fnMap":{"0":{"name":"(anonymous_0)","decl":{"start":{"line":7,"column":21},"end":{"line":7,"column":22}},"loc":{"start":{"line":13,"column":6},"end":{"line":92,"column":1}},"line":13},"1":{"name":"(anonymous_1)","decl":{"start":{"line":18,"column":12},"end":{"line":18,"column":13}},"loc":{"start":{"line":18,"column":18},"end":{"line":20,"column":3}},"line":18},"2":{"name":"(anonymous_2)","decl":{"start":{"line":22,"column":30},"end":{"line":22,"column":31}},"loc":{"start":{"line":22,"column":42},"end":{"line":36,"column":3}},"line":22},"3":{"name":"(anonymous_3)","decl":{"start":{"line":38,"column":25},"end":{"line":38,"column":26}},"loc":{"start":{"line":38,"column":37},"end":{"line":55,"column":3}},"line":38},"4":{"name":"(anonymous_4)","decl":{"start":{"line":77,"column":21},"end":{"line":77,"column":22}},"loc":{"start":{"line":78,"column":10},"end":{"line":87,"column":12}},"line":78}},"branchMap":{"0":{"loc":{"start":{"line":9,"column":2},"end":{"line":9,"column":14}},"type":"default-arg","locations":[{"start":{"line":9,"column":12},"end":{"line":9,"column":14}}],"line":9},"1":{"loc":{"start":{"line":10,"column":2},"end":{"line":10,"column":25}},"type":"default-arg","locations":[{"start":{"line":10,"column":21},"end":{"line":10,"column":25}}],"line":10},"2":{"loc":{"start":{"line":12,"column":2},"end":{"line":12,"column":21}},"type":"default-arg","locations":[{"start":{"line":12,"column":16},"end":{"line":12,"column":21}}],"line":12},"3":{"loc":{"start":{"line":40,"column":4},"end":{"line":54,"column":5}},"type":"if","locations":[{"start":{"line":40,"column":4},"end":{"line":54,"column":5}},{"start":{},"end":{}}],"line":40},"4":{"loc":{"start":{"line":43,"column":8},"end":{"line":50,"column":9}},"type":"if","locations":[{"start":{"line":43,"column":8},"end":{"line":50,"column":9}},{"start":{},"end":{}}],"line":43},"5":{"loc":{"start":{"line":43,"column":12},"end":{"line":43,"column":46}},"type":"binary-expr","locations":[{"start":{"line":43,"column":12},"end":{"line":43,"column":27}},{"start":{"line":43,"column":31},"end":{"line":43,"column":46}}],"line":43},"6":{"loc":{"start":{"line":57,"column":2},"end":{"line":63,"column":3}},"type":"if","locations":[{"start":{"line":57,"column":2},"end":{"line":63,"column":3}},{"start":{},"end":{}}],"line":57},"7":{"loc":{"start":{"line":70,"column":23},"end":{"line":70,"column":55}},"type":"binary-expr","locations":[{"start":{"line":70,"column":23},"end":{"line":70,"column":36}},{"start":{"line":70,"column":40},"end":{"line":70,"column":55}}],"line":70},"8":{"loc":{"start":{"line":79,"column":17},"end":{"line":79,"column":35}},"type":"binary-expr","locations":[{"start":{"line":79,"column":17},"end":{"line":79,"column":26}},{"start":{"line":79,"column":30},"end":{"line":79,"column":35}}],"line":79}},"s":{"0":0,"1":0,"2":0,"3":0,"4":0,"5":0,"6":0,"7":0,"8":0,"9":0,"10":0,"11":0,"12":0,"13":0,"14":0,"15":0,"16":0,"17":0,"18":0,"19":0,"20":0,"21":0,"22":0,"23":0,"24":0},"f":{"0":0,"1":0,"2":0,"3":0,"4":0},"b":{"0":[0],"1":[0],"2":[0],"3":[0,0],"4":[0,0],"5":[0,0],"6":[0,0],"7":[0,0],"8":[0,0]}}
,"/Users/clementadegbenro/CascadeProjects/nigerian-emergency-app/src/components/ErrorBoundary.js": {"path":"/Users/clementadegbenro/CascadeProjects/nigerian-emergency-app/src/components/ErrorBoundary.js","statementMap":{"0":{"start":{"line":9,"column":4},"end":{"line":9,"column":17}},"1":{"start":{"line":10,"column":4},"end":{"line":10,"column":67}},"2":{"start":{"line":14,"column":4},"end":{"line":14,"column":30}},"3":{"start":{"line":18,"column":4},"end":{"line":21,"column":7}},"4":{"start":{"line":24,"column":4},"end":{"line":24,"column":36}},"5":{"start":{"line":27,"column":13},"end":{"line":47,"column":3}},"6":{"start":{"line":28,"column":4},"end":{"line":46,"column":5}},"7":{"start":{"line":29,"column":6},"end":{"line":36,"column":9}},"8":{"start":{"line":38,"column":6},"end":{"line":41,"column":7}},"9":{"start":{"line":39,"column":8},"end":{"line":39,"column":39}},"10":{"start":{"line":40,"column":8},"end":{"line":40,"column":48}},"11":{"start":{"line":43,"column":6},"end":{"line":43,"column":58}},"12":{"start":{"line":45,"column":6},"end":{"line":45,"column":44}},"13":{"start":{"line":49,"column":18},"end":{"line":56,"column":3}},"14":{"start":{"line":50,"column":4},"end":{"line":55,"column":5}},"15":{"start":{"line":51,"column":6},"end":{"line":51,"column":34}},"16":{"start":{"line":53,"column":6},"end":{"line":53,"column":52}},"17":{"start":{"line":54,"column":6},"end":{"line":54,"column":70}},"18":{"start":{"line":59,"column":4},"end":{"line":84,"column":5}},"19":{"start":{"line":60,"column":6},"end":{"line":83,"column":8}},"20":{"start":{"line":86,"column":4},"end":{"line":86,"column":31}},"21":{"start":{"line":90,"column":15},"end":{"line":132,"column":2}}},"fnMap":{"0":{"name":"(anonymous_0)","decl":{"start":{"line":8,"column":2},"end":{"line":8,"column":3}},"loc":{"start":{"line":8,"column":21},"end":{"line":11,"column":3}},"line":8},"1":{"name":"(anonymous_1)","decl":{"start":{"line":13,"column":2},"end":{"line":13,"column":3}},"loc":{"start":{"line":13,"column":41},"end":{"line":15,"column":3}},"line":13},"2":{"name":"(anonymous_2)","decl":{"start":{"line":17,"column":2},"end":{"line":17,"column":3}},"loc":{"start":{"line":17,"column":38},"end":{"line":25,"column":3}},"line":17},"3":{"name":"(anonymous_3)","decl":{"start":{"line":27,"column":13},"end":{"line":27,"column":14}},"loc":{"start":{"line":27,"column":41},"end":{"line":47,"column":3}},"line":27},"4":{"name":"(anonymous_4)","decl":{"start":{"line":49,"column":18},"end":{"line":49,"column":19}},"loc":{"start":{"line":49,"column":30},"end":{"line":56,"column":3}},"line":49},"5":{"name":"(anonymous_5)","decl":{"start":{"line":58,"column":2},"end":{"line":58,"column":3}},"loc":{"start":{"line":58,"column":11},"end":{"line":87,"column":3}},"line":58}},"branchMap":{"0":{"loc":{"start":{"line":38,"column":6},"end":{"line":41,"column":7}},"type":"if","locations":[{"start":{"line":38,"column":6},"end":{"line":41,"column":7}},{"start":{},"end":{}}],"line":38},"1":{"loc":{"start":{"line":59,"column":4},"end":{"line":84,"column":5}},"type":"if","locations":[{"start":{"line":59,"column":4},"end":{"line":84,"column":5}},{"start":{},"end":{}}],"line":59},"2":{"loc":{"start":{"line":72,"column":11},"end":{"line":81,"column":11}},"type":"binary-expr","locations":[{"start":{"line":72,"column":11},"end":{"line":72,"column":18}},{"start":{"line":73,"column":12},"end":{"line":80,"column":19}}],"line":72}},"s":{"0":0,"1":0,"2":0,"3":0,"4":0,"5":0,"6":0,"7":0,"8":0,"9":0,"10":0,"11":0,"12":0,"13":0,"14":0,"15":0,"16":0,"17":0,"18":0,"19":0,"20":0,"21":0},"f":{"0":0,"1":0,"2":0,"3":0,"4":0,"5":0},"b":{"0":[0,0],"1":[0,0],"2":[0,0]}}
,"/Users/clementadegbenro/CascadeProjects/nigerian-emergency-app/src/context/AuthContext.js": {"path":"/Users/clementadegbenro/CascadeProjects/nigerian-emergency-app/src/context/AuthContext.js","statementMap":{"0":{"start":{"line":5,"column":20},"end":{"line":5,"column":37}},"1":{"start":{"line":7,"column":28},"end":{"line":107,"column":1}},"2":{"start":{"line":8,"column":26},"end":{"line":8,"column":40}},"3":{"start":{"line":9,"column":32},"end":{"line":9,"column":46}},"4":{"start":{"line":10,"column":28},"end":{"line":10,"column":42}},"5":{"start":{"line":12,"column":2},"end":{"line":30,"column":9}},"6":{"start":{"line":14,"column":27},"end":{"line":27,"column":5}},"7":{"start":{"line":15,"column":6},"end":{"line":26,"column":7}},"8":{"start":{"line":16,"column":22},"end":{"line":16,"column":57}},"9":{"start":{"line":17,"column":8},"end":{"line":20,"column":9}},"10":{"start":{"line":18,"column":27},"end":{"line":18,"column":49}},"11":{"start":{"line":19,"column":10},"end":{"line":19,"column":28}},"12":{"start":{"line":22,"column":8},"end":{"line":22,"column":59}},"13":{"start":{"line":23,"column":8},"end":{"line":23,"column":47}},"14":{"start":{"line":25,"column":8},"end":{"line":25,"column":26}},"15":{"start":{"line":29,"column":4},"end":{"line":29,"column":21}},"16":{"start":{"line":32,"column":16},"end":{"line":46,"column":3}},"17":{"start":{"line":33,"column":4},"end":{"line":45,"column":5}},"18":{"start":{"line":34,"column":6},"end":{"line":34,"column":23}},"19":{"start":{"line":35,"column":6},"end":{"line":35,"column":21}},"20":{"start":{"line":36,"column":40},"end":{"line":36,"column":76}},"21":{"start":{"line":37,"column":6},"end":{"line":37,"column":49}},"22":{"start":{"line":38,"column":6},"end":{"line":38,"column":24}},"23":{"start":{"line":39,"column":6},"end":{"line":39,"column":22}},"24":{"start":{"line":41,"column":6},"end":{"line":41,"column":28}},"25":{"start":{"line":42,"column":6},"end":{"line":42,"column":16}},"26":{"start":{"line":44,"column":6},"end":{"line":44,"column":24}},"27":{"start":{"line":48,"column":19},"end":{"line":62,"column":3}},"28":{"start":{"line":49,"column":4},"end":{"line":61,"column":5}},"29":{"start":{"line":50,"column":6},"end":{"line":50,"column":23}},"30":{"start":{"line":51,"column":6},"end":{"line":51,"column":21}},"31":{"start":{"line":52,"column":39},"end":{"line":52,"column":67}},"32":{"start":{"line":53,"column":6},"end":{"line":53,"column":49}},"33":{"start":{"line":54,"column":6},"end":{"line":54,"column":23}},"34":{"start":{"line":55,"column":6},"end":{"line":55,"column":21}},"35":{"start":{"line":57,"column":6},"end":{"line":57,"column":28}},"36":{"start":{"line":58,"column":6},"end":{"line":58,"column":16}},"37":{"start":{"line":60,"column":6},"end":{"line":60,"column":24}},"38":{"start":{"line":64,"column":17},"end":{"line":74,"column":3}},"39":{"start":{"line":65,"column":4},"end":{"line":73,"column":5}},"40":{"start":{"line":66,"column":6},"end":{"line":66,"column":23}},"41":{"start":{"line":67,"column":6},"end":{"line":67,"column":45}},"42":{"start":{"line":68,"column":6},"end":{"line":68,"column":20}},"43":{"start":{"line":70,"column":6},"end":{"line":70,"column":42}},"44":{"start":{"line":72,"column":6},"end":{"line":72,"column":24}},"45":{"start":{"line":76,"column":24},"end":{"line":89,"column":3}},"46":{"start":{"line":77,"column":4},"end":{"line":88,"column":5}},"47":{"start":{"line":78,"column":6},"end":{"line":78,"column":23}},"48":{"start":{"line":79,"column":6},"end":{"line":79,"column":21}},"49":{"start":{"line":80,"column":26},"end":{"line":80,"column":62}},"50":{"start":{"line":81,"column":6},"end":{"line":81,"column":27}},"51":{"start":{"line":82,"column":6},"end":{"line":82,"column":25}},"52":{"start":{"line":84,"column":6},"end":{"line":84,"column":28}},"53":{"start":{"line":85,"column":6},"end":{"line":85,"column":16}},"54":{"start":{"line":87,"column":6},"end":{"line":87,"column":24}},"55":{"start":{"line":91,"column":2},"end":{"line":106,"column":4}},"56":{"start":{"line":109,"column":23},"end":{"line":115,"column":1}},"57":{"start":{"line":110,"column":18},"end":{"line":110,"column":41}},"58":{"start":{"line":111,"column":2},"end":{"line":113,"column":3}},"59":{"start":{"line":112,"column":4},"end":{"line":112,"column":67}},"60":{"start":{"line":114,"column":2},"end":{"line":114,"column":17}}},"fnMap":{"0":{"name":"(anonymous_0)","decl":{"start":{"line":7,"column":28},"end":{"line":7,"column":29}},"loc":{"start":{"line":7,"column":46},"end":{"line":107,"column":1}},"line":7},"1":{"name":"(anonymous_1)","decl":{"start":{"line":12,"column":12},"end":{"line":12,"column":13}},"loc":{"start":{"line":12,"column":18},"end":{"line":30,"column":3}},"line":12},"2":{"name":"(anonymous_2)","decl":{"start":{"line":14,"column":27},"end":{"line":14,"column":28}},"loc":{"start":{"line":14,"column":39},"end":{"line":27,"column":5}},"line":14},"3":{"name":"(anonymous_3)","decl":{"start":{"line":32,"column":16},"end":{"line":32,"column":17}},"loc":{"start":{"line":32,"column":43},"end":{"line":46,"column":3}},"line":32},"4":{"name":"(anonymous_4)","decl":{"start":{"line":48,"column":19},"end":{"line":48,"column":20}},"loc":{"start":{"line":48,"column":39},"end":{"line":62,"column":3}},"line":48},"5":{"name":"(anonymous_5)","decl":{"start":{"line":64,"column":17},"end":{"line":64,"column":18}},"loc":{"start":{"line":64,"column":29},"end":{"line":74,"column":3}},"line":64},"6":{"name":"(anonymous_6)","decl":{"start":{"line":76,"column":24},"end":{"line":76,"column":25}},"loc":{"start":{"line":76,"column":47},"end":{"line":89,"column":3}},"line":76},"7":{"name":"(anonymous_7)","decl":{"start":{"line":109,"column":23},"end":{"line":109,"column":24}},"loc":{"start":{"line":109,"column":29},"end":{"line":115,"column":1}},"line":109}},"branchMap":{"0":{"loc":{"start":{"line":17,"column":8},"end":{"line":20,"column":9}},"type":"if","locations":[{"start":{"line":17,"column":8},"end":{"line":20,"column":9}},{"start":{},"end":{}}],"line":17},"1":{"loc":{"start":{"line":111,"column":2},"end":{"line":113,"column":3}},"type":"if","locations":[{"start":{"line":111,"column":2},"end":{"line":113,"column":3}},{"start":{},"end":{}}],"line":111}},"s":{"0":0,"1":0,"2":0,"3":0,"4":0,"5":0,"6":0,"7":0,"8":0,"9":0,"10":0,"11":0,"12":0,"13":0,"14":0,"15":0,"16":0,"17":0,"18":0,"19":0,"20":0,"21":0,"22":0,"23":0,"24":0,"25":0,"26":0,"27":0,"28":0,"29":0,"30":0,"31":0,"32":0,"33":0,"34":0,"35":0,"36":0,"37":0,"38":0,"39":0,"40":0,"41":0,"42":0,"43":0,"44":0,"45":0,"46":0,"47":0,"48":0,"49":0,"50":0,"51":0,"52":0,"53":0,"54":0,"55":0,"56":0,"57":0,"58":0,"59":0,"60":0},"f":{"0":0,"1":0,"2":0,"3":0,"4":0,"5":0,"6":0,"7":0},"b":{"0":[0,0],"1":[0,0]}}
,"/Users/clementadegbenro/CascadeProjects/nigerian-emergency-app/src/context/ContactContext.js": {"path":"/Users/clementadegbenro/CascadeProjects/nigerian-emergency-app/src/context/ContactContext.js","statementMap":{"0":{"start":{"line":4,"column":23},"end":{"line":4,"column":40}},"1":{"start":{"line":6,"column":31},"end":{"line":90,"column":1}},"2":{"start":{"line":7,"column":34},"end":{"line":7,"column":46}},"3":{"start":{"line":8,"column":32},"end":{"line":8,"column":47}},"4":{"start":{"line":9,"column":28},"end":{"line":9,"column":42}},"5":{"start":{"line":11,"column":24},"end":{"line":23,"column":8}},"6":{"start":{"line":12,"column":4},"end":{"line":22,"column":5}},"7":{"start":{"line":13,"column":6},"end":{"line":13,"column":23}},"8":{"start":{"line":14,"column":6},"end":{"line":14,"column":21}},"9":{"start":{"line":15,"column":30},"end":{"line":15,"column":53}},"10":{"start":{"line":16,"column":6},"end":{"line":16,"column":35}},"11":{"start":{"line":18,"column":6},"end":{"line":18,"column":28}},"12":{"start":{"line":19,"column":6},"end":{"line":19,"column":16}},"13":{"start":{"line":21,"column":6},"end":{"line":21,"column":24}},"14":{"start":{"line":25,"column":21},"end":{"line":38,"column":3}},"15":{"start":{"line":26,"column":4},"end":{"line":37,"column":5}},"16":{"start":{"line":27,"column":6},"end":{"line":27,"column":23}},"17":{"start":{"line":28,"column":6},"end":{"line":28,"column":21}},"18":{"start":{"line":29,"column":25},"end":{"line":29,"column":58}},"19":{"start":{"line":30,"column":6},"end":{"line":30,"column":65}},"20":{"start":{"line":30,"column":34},"end":{"line":30,"column":63}},"21":{"start":{"line":31,"column":6},"end":{"line":31,"column":24}},"22":{"start":{"line":33,"column":6},"end":{"line":33,"column":28}},"23":{"start":{"line":34,"column":6},"end":{"line":34,"column":16}},"24":{"start":{"line":36,"column":6},"end":{"line":36,"column":24}},"25":{"start":{"line":40,"column":24},"end":{"line":57,"column":3}},"26":{"start":{"line":41,"column":4},"end":{"line":56,"column":5}},"27":{"start":{"line":42,"column":6},"end":{"line":42,"column":23}},"28":{"start":{"line":43,"column":6},"end":{"line":43,"column":21}},"29":{"start":{"line":44,"column":29},"end":{"line":44,"column":76}},"30":{"start":{"line":45,"column":6},"end":{"line":49,"column":8}},"31":{"start":{"line":46,"column":8},"end":{"line":48,"column":9}},"32":{"start":{"line":47,"column":10},"end":{"line":47,"column":62}},"33":{"start":{"line":50,"column":6},"end":{"line":50,"column":28}},"34":{"start":{"line":52,"column":6},"end":{"line":52,"column":28}},"35":{"start":{"line":53,"column":6},"end":{"line":53,"column":16}},"36":{"start":{"line":55,"column":6},"end":{"line":55,"column":24}},"37":{"start":{"line":59,"column":24},"end":{"line":73,"column":3}},"38":{"start":{"line":60,"column":4},"end":{"line":72,"column":5}},"39":{"start":{"line":61,"column":6},"end":{"line":61,"column":23}},"40":{"start":{"line":62,"column":6},"end":{"line":62,"column":21}},"41":{"start":{"line":63,"column":6},"end":{"line":63,"column":41}},"42":{"start":{"line":64,"column":6},"end":{"line":66,"column":8}},"43":{"start":{"line":65,"column":8},"end":{"line":65,"column":65}},"44":{"start":{"line":65,"column":39},"end":{"line":65,"column":64}},"45":{"start":{"line":68,"column":6},"end":{"line":68,"column":28}},"46":{"start":{"line":69,"column":6},"end":{"line":69,"column":16}},"47":{"start":{"line":71,"column":6},"end":{"line":71,"column":24}},"48":{"start":{"line":75,"column":2},"end":{"line":89,"column":4}},"49":{"start":{"line":92,"column":27},"end":{"line":98,"column":1}},"50":{"start":{"line":93,"column":18},"end":{"line":93,"column":44}},"51":{"start":{"line":94,"column":2},"end":{"line":96,"column":3}},"52":{"start":{"line":95,"column":4},"end":{"line":95,"column":73}},"53":{"start":{"line":97,"column":2},"end":{"line":97,"column":17}}},"fnMap":{"0":{"name":"(anonymous_0)","decl":{"start":{"line":6,"column":31},"end":{"line":6,"column":32}},"loc":{"start":{"line":6,"column":49},"end":{"line":90,"column":1}},"line":6},"1":{"name":"(anonymous_1)","decl":{"start":{"line":11,"column":36},"end":{"line":11,"column":37}},"loc":{"start":{"line":11,"column":48},"end":{"line":23,"column":3}},"line":11},"2":{"name":"(anonymous_2)","decl":{"start":{"line":25,"column":21},"end":{"line":25,"column":22}},"loc":{"start":{"line":25,"column":44},"end":{"line":38,"column":3}},"line":25},"3":{"name":"(anonymous_3)","decl":{"start":{"line":30,"column":18},"end":{"line":30,"column":19}},"loc":{"start":{"line":30,"column":34},"end":{"line":30,"column":63}},"line":30},"4":{"name":"(anonymous_4)","decl":{"start":{"line":40,"column":24},"end":{"line":40,"column":25}},"loc":{"start":{"line":40,"column":58},"end":{"line":57,"column":3}},"line":40},"5":{"name":"(anonymous_5)","decl":{"start":{"line":45,"column":18},"end":{"line":45,"column":19}},"loc":{"start":{"line":46,"column":8},"end":{"line":48,"column":9}},"line":46},"6":{"name":"(anonymous_6)","decl":{"start":{"line":46,"column":25},"end":{"line":46,"column":26}},"loc":{"start":{"line":47,"column":10},"end":{"line":47,"column":62}},"line":47},"7":{"name":"(anonymous_7)","decl":{"start":{"line":59,"column":24},"end":{"line":59,"column":25}},"loc":{"start":{"line":59,"column":45},"end":{"line":73,"column":3}},"line":59},"8":{"name":"(anonymous_8)","decl":{"start":{"line":64,"column":18},"end":{"line":64,"column":19}},"loc":{"start":{"line":65,"column":8},"end":{"line":65,"column":65}},"line":65},"9":{"name":"(anonymous_9)","decl":{"start":{"line":65,"column":28},"end":{"line":65,"column":29}},"loc":{"start":{"line":65,"column":39},"end":{"line":65,"column":64}},"line":65},"10":{"name":"(anonymous_10)","decl":{"start":{"line":92,"column":27},"end":{"line":92,"column":28}},"loc":{"start":{"line":92,"column":33},"end":{"line":98,"column":1}},"line":92}},"branchMap":{"0":{"loc":{"start":{"line":47,"column":10},"end":{"line":47,"column":62}},"type":"cond-expr","locations":[{"start":{"line":47,"column":38},"end":{"line":47,"column":52}},{"start":{"line":47,"column":55},"end":{"line":47,"column":62}}],"line":47},"1":{"loc":{"start":{"line":94,"column":2},"end":{"line":96,"column":3}},"type":"if","locations":[{"start":{"line":94,"column":2},"end":{"line":96,"column":3}},{"start":{},"end":{}}],"line":94}},"s":{"0":0,"1":0,"2":0,"3":0,"4":0,"5":0,"6":0,"7":0,"8":0,"9":0,"10":0,"11":0,"12":0,"13":0,"14":0,"15":0,"16":0,"17":0,"18":0,"19":0,"20":0,"21":0,"22":0,"23":0,"24":0,"25":0,"26":0,"27":0,"28":0,"29":0,"30":0,"31":0,"32":0,"33":0,"34":0,"35":0,"36":0,"37":0,"38":0,"39":0,"40":0,"41":0,"42":0,"43":0,"44":0,"45":0,"46":0,"47":0,"48":0,"49":0,"50":0,"51":0,"52":0,"53":0},"f":{"0":0,"1":0,"2":0,"3":0,"4":0,"5":0,"6":0,"7":0,"8":0,"9":0,"10":0},"b":{"0":[0,0],"1":[0,0]}}
,"/Users/clementadegbenro/CascadeProjects/nigerian-emergency-app/src/navigation/AppNavigator.js": {"path":"/Users/clementadegbenro/CascadeProjects/nigerian-emergency-app/src/navigation/AppNavigator.js","statementMap":{"0":{"start":{"line":20,"column":14},"end":{"line":20,"column":36}},"1":{"start":{"line":22,"column":21},"end":{"line":109,"column":1}},"2":{"start":{"line":23,"column":19},"end":{"line":23,"column":28}},"3":{"start":{"line":25,"column":2},"end":{"line":108,"column":4}},"4":{"start":{"line":83,"column":39},"end":{"line":87,"column":15}}},"fnMap":{"0":{"name":"(anonymous_0)","decl":{"start":{"line":22,"column":21},"end":{"line":22,"column":22}},"loc":{"start":{"line":22,"column":27},"end":{"line":109,"column":1}},"line":22},"1":{"name":"(anonymous_1)","decl":{"start":{"line":83,"column":23},"end":{"line":83,"column":24}},"loc":{"start":{"line":83,"column":39},"end":{"line":87,"column":15}},"line":83}},"branchMap":{"0":{"loc":{"start":{"line":38,"column":9},"end":{"line":105,"column":9}},"type":"cond-expr","locations":[{"start":{"line":40,"column":10},"end":{"line":51,"column":13}},{"start":{"line":54,"column":10},"end":{"line":104,"column":13}}],"line":38},"1":{"loc":{"start":{"line":84,"column":23},"end":{"line":86,"column":38}},"type":"cond-expr","locations":[{"start":{"line":85,"column":20},"end":{"line":85,"column":68}},{"start":{"line":86,"column":20},"end":{"line":86,"column":38}}],"line":84}},"s":{"0":0,"1":0,"2":0,"3":0,"4":0},"f":{"0":0,"1":0},"b":{"0":[0,0],"1":[0,0]}}
,"/Users/clementadegbenro/CascadeProjects/nigerian-emergency-app/src/navigation/EmergencyNavigator.js": {"path":"/Users/clementadegbenro/CascadeProjects/nigerian-emergency-app/src/navigation/EmergencyNavigator.js","statementMap":{"0":{"start":{"line":10,"column":14},"end":{"line":10,"column":36}},"1":{"start":{"line":12,"column":27},"end":{"line":57,"column":1}},"2":{"start":{"line":13,"column":2},"end":{"line":56,"column":4}},"3":{"start":{"line":29,"column":38},"end":{"line":39,"column":9}},"4":{"start":{"line":32,"column":12},"end":{"line":37,"column":31}},"5":{"start":{"line":34,"column":29},"end":{"line":34,"column":68}}},"fnMap":{"0":{"name":"(anonymous_0)","decl":{"start":{"line":12,"column":27},"end":{"line":12,"column":28}},"loc":{"start":{"line":12,"column":33},"end":{"line":57,"column":1}},"line":12},"1":{"name":"(anonymous_1)","decl":{"start":{"line":29,"column":17},"end":{"line":29,"column":18}},"loc":{"start":{"line":29,"column":38},"end":{"line":39,"column":9}},"line":29},"2":{"name":"(anonymous_2)","decl":{"start":{"line":31,"column":23},"end":{"line":31,"column":24}},"loc":{"start":{"line":32,"column":12},"end":{"line":37,"column":31}},"line":32},"3":{"name":"(anonymous_3)","decl":{"start":{"line":34,"column":23},"end":{"line":34,"column":24}},"loc":{"start":{"line":34,"column":29},"end":{"line":34,"column":68}},"line":34}},"branchMap":{},"s":{"0":0,"1":0,"2":0,"3":0,"4":0,"5":0},"f":{"0":0,"1":0,"2":0,"3":0},"b":{}}
,"/Users/clementadegbenro/CascadeProjects/nigerian-emergency-app/src/screens/CommunityScreen.js": {"path":"/Users/clementadegbenro/CascadeProjects/nigerian-emergency-app/src/screens/CommunityScreen.js","statementMap":{"0":{"start":{"line":15,"column":19},"end":{"line":36,"column":1}},"1":{"start":{"line":38,"column":21},"end":{"line":47,"column":1}},"2":{"start":{"line":39,"column":2},"end":{"line":46,"column":21}},"3":{"start":{"line":49,"column":17},"end":{"line":96,"column":1}},"4":{"start":{"line":50,"column":22},"end":{"line":59,"column":3}},"5":{"start":{"line":51,"column":4},"end":{"line":58,"column":5}},"6":{"start":{"line":53,"column":8},"end":{"line":53,"column":32}},"7":{"start":{"line":55,"column":8},"end":{"line":55,"column":35}},"8":{"start":{"line":57,"column":8},"end":{"line":57,"column":39}},"9":{"start":{"line":61,"column":2},"end":{"line":95,"column":4}},"10":{"start":{"line":98,"column":24},"end":{"line":176,"column":1}},"11":{"start":{"line":99,"column":38},"end":{"line":99,"column":53}},"12":{"start":{"line":100,"column":50},"end":{"line":100,"column":65}},"13":{"start":{"line":101,"column":40},"end":{"line":101,"column":52}},"14":{"start":{"line":103,"column":21},"end":{"line":108,"column":3}},"15":{"start":{"line":110,"column":24},"end":{"line":115,"column":4}},"16":{"start":{"line":111,"column":28},"end":{"line":111,"column":92}},"17":{"start":{"line":112,"column":26},"end":{"line":113,"column":87}},"18":{"start":{"line":114,"column":4},"end":{"line":114,"column":44}},"19":{"start":{"line":117,"column":20},"end":{"line":121,"column":3}},"20":{"start":{"line":118,"column":4},"end":{"line":118,"column":24}},"21":{"start":{"line":120,"column":4},"end":{"line":120,"column":49}},"22":{"start":{"line":120,"column":21},"end":{"line":120,"column":41}},"23":{"start":{"line":123,"column":2},"end":{"line":175,"column":4}},"24":{"start":{"line":137,"column":25},"end":{"line":137,"column":55}},"25":{"start":{"line":148,"column":34},"end":{"line":148,"column":41}},"26":{"start":{"line":150,"column":12},"end":{"line":154,"column":14}},"27":{"start":{"line":153,"column":29},"end":{"line":153,"column":57}},"28":{"start":{"line":162,"column":32},"end":{"line":162,"column":39}},"29":{"start":{"line":164,"column":10},"end":{"line":167,"column":12}},"30":{"start":{"line":166,"column":27},"end":{"line":166,"column":76}},"31":{"start":{"line":178,"column":15},"end":{"line":310,"column":2}}},"fnMap":{"0":{"name":"(anonymous_0)","decl":{"start":{"line":38,"column":21},"end":{"line":38,"column":22}},"loc":{"start":{"line":39,"column":2},"end":{"line":46,"column":21}},"line":39},"1":{"name":"(anonymous_1)","decl":{"start":{"line":49,"column":17},"end":{"line":49,"column":18}},"loc":{"start":{"line":49,"column":40},"end":{"line":96,"column":1}},"line":49},"2":{"name":"(anonymous_2)","decl":{"start":{"line":50,"column":22},"end":{"line":50,"column":23}},"loc":{"start":{"line":50,"column":36},"end":{"line":59,"column":3}},"line":50},"3":{"name":"(anonymous_3)","decl":{"start":{"line":98,"column":24},"end":{"line":98,"column":25}},"loc":{"start":{"line":98,"column":44},"end":{"line":176,"column":1}},"line":98},"4":{"name":"(anonymous_4)","decl":{"start":{"line":110,"column":42},"end":{"line":110,"column":43}},"loc":{"start":{"line":110,"column":50},"end":{"line":115,"column":3}},"line":110},"5":{"name":"(anonymous_5)","decl":{"start":{"line":117,"column":20},"end":{"line":117,"column":21}},"loc":{"start":{"line":117,"column":32},"end":{"line":121,"column":3}},"line":117},"6":{"name":"(anonymous_6)","decl":{"start":{"line":120,"column":15},"end":{"line":120,"column":16}},"loc":{"start":{"line":120,"column":21},"end":{"line":120,"column":41}},"line":120},"7":{"name":"(anonymous_7)","decl":{"start":{"line":137,"column":19},"end":{"line":137,"column":20}},"loc":{"start":{"line":137,"column":25},"end":{"line":137,"column":55}},"line":137},"8":{"name":"(anonymous_8)","decl":{"start":{"line":148,"column":24},"end":{"line":148,"column":25}},"loc":{"start":{"line":148,"column":34},"end":{"line":148,"column":41}},"line":148},"9":{"name":"(anonymous_9)","decl":{"start":{"line":149,"column":22},"end":{"line":149,"column":23}},"loc":{"start":{"line":150,"column":12},"end":{"line":154,"column":14}},"line":150},"10":{"name":"(anonymous_10)","decl":{"start":{"line":153,"column":23},"end":{"line":153,"column":24}},"loc":{"start":{"line":153,"column":29},"end":{"line":153,"column":57}},"line":153},"11":{"name":"(anonymous_11)","decl":{"start":{"line":162,"column":22},"end":{"line":162,"column":23}},"loc":{"start":{"line":162,"column":32},"end":{"line":162,"column":39}},"line":162},"12":{"name":"(anonymous_12)","decl":{"start":{"line":163,"column":20},"end":{"line":163,"column":21}},"loc":{"start":{"line":164,"column":10},"end":{"line":167,"column":12}},"line":164},"13":{"name":"(anonymous_13)","decl":{"start":{"line":166,"column":21},"end":{"line":166,"column":22}},"loc":{"start":{"line":166,"column":27},"end":{"line":166,"column":76}},"line":166}},"branchMap":{"0":{"loc":{"start":{"line":40,"column":33},"end":{"line":40,"column":68}},"type":"binary-expr","locations":[{"start":{"line":40,"column":33},"end":{"line":40,"column":39}},{"start":{"line":40,"column":43},"end":{"line":40,"column":68}}],"line":40},"1":{"loc":{"start":{"line":43,"column":43},"end":{"line":43,"column":82}},"type":"binary-expr","locations":[{"start":{"line":43,"column":43},"end":{"line":43,"column":49}},{"start":{"line":43,"column":53},"end":{"line":43,"column":82}}],"line":43},"2":{"loc":{"start":{"line":51,"column":4},"end":{"line":58,"column":5}},"type":"switch","locations":[{"start":{"line":52,"column":6},"end":{"line":53,"column":32}},{"start":{"line":54,"column":6},"end":{"line":55,"column":35}},{"start":{"line":56,"column":6},"end":{"line":57,"column":39}}],"line":51},"3":{"loc":{"start":{"line":111,"column":28},"end":{"line":111,"column":92}},"type":"binary-expr","locations":[{"start":{"line":111,"column":28},"end":{"line":111,"column":54}},{"start":{"line":111,"column":58},"end":{"line":111,"column":92}}],"line":111},"4":{"loc":{"start":{"line":112,"column":26},"end":{"line":113,"column":87}},"type":"binary-expr","locations":[{"start":{"line":112,"column":26},"end":{"line":112,"column":86}},{"start":{"line":113,"column":25},"end":{"line":113,"column":87}}],"line":112},"5":{"loc":{"start":{"line":114,"column":11},"end":{"line":114,"column":43}},"type":"binary-expr","locations":[{"start":{"line":114,"column":11},"end":{"line":114,"column":26}},{"start":{"line":114,"column":30},"end":{"line":114,"column":43}}],"line":114}},"s":{"0":0,"1":0,"2":0,"3":0,"4":0,"5":0,"6":0,"7":0,"8":0,"9":0,"10":0,"11":0,"12":0,"13":0,"14":0,"15":0,"16":0,"17":0,"18":0,"19":0,"20":0,"21":0,"22":0,"23":0,"24":0,"25":0,"26":0,"27":0,"28":0,"29":0,"30":0,"31":0},"f":{"0":0,"1":0,"2":0,"3":0,"4":0,"5":0,"6":0,"7":0,"8":0,"9":0,"10":0,"11":0,"12":0,"13":0},"b":{"0":[0,0],"1":[0,0],"2":[0,0,0],"3":[0,0],"4":[0,0],"5":[0,0]}}
,"/Users/clementadegbenro/CascadeProjects/nigerian-emergency-app/src/screens/ContactFormScreen.js": {"path":"/Users/clementadegbenro/CascadeProjects/nigerian-emergency-app/src/screens/ContactFormScreen.js","statementMap":{"0":{"start":{"line":15,"column":26},"end":{"line":155,"column":1}},"1":{"start":{"line":16,"column":21},"end":{"line":16,"column":36}},"2":{"start":{"line":17,"column":16},"end":{"line":17,"column":26}},"3":{"start":{"line":18,"column":25},"end":{"line":18,"column":46}},"4":{"start":{"line":20,"column":34},"end":{"line":27,"column":4}},"5":{"start":{"line":29,"column":21},"end":{"line":52,"column":3}},"6":{"start":{"line":30,"column":4},"end":{"line":33,"column":5}},"7":{"start":{"line":31,"column":6},"end":{"line":31,"column":65}},"8":{"start":{"line":32,"column":6},"end":{"line":32,"column":13}},"9":{"start":{"line":35,"column":4},"end":{"line":51,"column":5}},"10":{"start":{"line":36,"column":23},"end":{"line":36,"column":59}},"11":{"start":{"line":39,"column":6},"end":{"line":45,"column":7}},"12":{"start":{"line":40,"column":8},"end":{"line":42,"column":10}},"13":{"start":{"line":41,"column":10},"end":{"line":41,"column":63}},"14":{"start":{"line":44,"column":8},"end":{"line":44,"column":50}},"15":{"start":{"line":47,"column":6},"end":{"line":47,"column":59}},"16":{"start":{"line":48,"column":6},"end":{"line":48,"column":26}},"17":{"start":{"line":50,"column":6},"end":{"line":50,"column":53}},"18":{"start":{"line":54,"column":23},"end":{"line":80,"column":3}},"19":{"start":{"line":55,"column":4},"end":{"line":55,"column":32}},"20":{"start":{"line":55,"column":25},"end":{"line":55,"column":32}},"21":{"start":{"line":57,"column":4},"end":{"line":79,"column":6}},"22":{"start":{"line":66,"column":12},"end":{"line":75,"column":13}},"23":{"start":{"line":67,"column":31},"end":{"line":67,"column":67}},"24":{"start":{"line":68,"column":38},"end":{"line":70,"column":15}},"25":{"start":{"line":69,"column":29},"end":{"line":69,"column":61}},"26":{"start":{"line":71,"column":14},"end":{"line":71,"column":67}},"27":{"start":{"line":72,"column":14},"end":{"line":72,"column":34}},"28":{"start":{"line":74,"column":14},"end":{"line":74,"column":63}},"29":{"start":{"line":82,"column":2},"end":{"line":154,"column":4}},"30":{"start":{"line":90,"column":36},"end":{"line":90,"column":76}},"31":{"start":{"line":100,"column":36},"end":{"line":100,"column":80}},"32":{"start":{"line":110,"column":36},"end":{"line":110,"column":77}},"33":{"start":{"line":121,"column":36},"end":{"line":121,"column":77}},"34":{"start":{"line":133,"column":36},"end":{"line":133,"column":77}},"35":{"start":{"line":157,"column":15},"end":{"line":213,"column":2}}},"fnMap":{"0":{"name":"(anonymous_0)","decl":{"start":{"line":15,"column":26},"end":{"line":15,"column":27}},"loc":{"start":{"line":15,"column":32},"end":{"line":155,"column":1}},"line":15},"1":{"name":"(anonymous_1)","decl":{"start":{"line":29,"column":21},"end":{"line":29,"column":22}},"loc":{"start":{"line":29,"column":33},"end":{"line":52,"column":3}},"line":29},"2":{"name":"(anonymous_2)","decl":{"start":{"line":40,"column":39},"end":{"line":40,"column":40}},"loc":{"start":{"line":41,"column":10},"end":{"line":41,"column":63}},"line":41},"3":{"name":"(anonymous_3)","decl":{"start":{"line":54,"column":23},"end":{"line":54,"column":24}},"loc":{"start":{"line":54,"column":35},"end":{"line":80,"column":3}},"line":54},"4":{"name":"(anonymous_4)","decl":{"start":{"line":65,"column":19},"end":{"line":65,"column":20}},"loc":{"start":{"line":65,"column":31},"end":{"line":76,"column":11}},"line":65},"5":{"name":"(anonymous_5)","decl":{"start":{"line":69,"column":16},"end":{"line":69,"column":17}},"loc":{"start":{"line":69,"column":29},"end":{"line":69,"column":61}},"line":69},"6":{"name":"(anonymous_6)","decl":{"start":{"line":90,"column":26},"end":{"line":90,"column":27}},"loc":{"start":{"line":90,"column":36},"end":{"line":90,"column":76}},"line":90},"7":{"name":"(anonymous_7)","decl":{"start":{"line":100,"column":26},"end":{"line":100,"column":27}},"loc":{"start":{"line":100,"column":36},"end":{"line":100,"column":80}},"line":100},"8":{"name":"(anonymous_8)","decl":{"start":{"line":110,"column":26},"end":{"line":110,"column":27}},"loc":{"start":{"line":110,"column":36},"end":{"line":110,"column":77}},"line":110},"9":{"name":"(anonymous_9)","decl":{"start":{"line":121,"column":26},"end":{"line":121,"column":27}},"loc":{"start":{"line":121,"column":36},"end":{"line":121,"column":77}},"line":121},"10":{"name":"(anonymous_10)","decl":{"start":{"line":133,"column":26},"end":{"line":133,"column":27}},"loc":{"start":{"line":133,"column":36},"end":{"line":133,"column":77}},"line":133}},"branchMap":{"0":{"loc":{"start":{"line":21,"column":8},"end":{"line":21,"column":51}},"type":"binary-expr","locations":[{"start":{"line":21,"column":8},"end":{"line":21,"column":26}},{"start":{"line":21,"column":30},"end":{"line":21,"column":51}}],"line":21},"1":{"loc":{"start":{"line":22,"column":10},"end":{"line":22,"column":36}},"type":"binary-expr","locations":[{"start":{"line":22,"column":10},"end":{"line":22,"column":30}},{"start":{"line":22,"column":34},"end":{"line":22,"column":36}}],"line":22},"2":{"loc":{"start":{"line":23,"column":14},"end":{"line":23,"column":44}},"type":"binary-expr","locations":[{"start":{"line":23,"column":14},"end":{"line":23,"column":38}},{"start":{"line":23,"column":42},"end":{"line":23,"column":44}}],"line":23},"3":{"loc":{"start":{"line":24,"column":11},"end":{"line":24,"column":38}},"type":"binary-expr","locations":[{"start":{"line":24,"column":11},"end":{"line":24,"column":32}},{"start":{"line":24,"column":36},"end":{"line":24,"column":38}}],"line":24},"4":{"loc":{"start":{"line":25,"column":11},"end":{"line":25,"column":38}},"type":"binary-expr","locations":[{"start":{"line":25,"column":11},"end":{"line":25,"column":32}},{"start":{"line":25,"column":36},"end":{"line":25,"column":38}}],"line":25},"5":{"loc":{"start":{"line":26,"column":11},"end":{"line":26,"column":38}},"type":"binary-expr","locations":[{"start":{"line":26,"column":11},"end":{"line":26,"column":32}},{"start":{"line":26,"column":36},"end":{"line":26,"column":38}}],"line":26},"6":{"loc":{"start":{"line":30,"column":4},"end":{"line":33,"column":5}},"type":"if","locations":[{"start":{"line":30,"column":4},"end":{"line":33,"column":5}},{"start":{},"end":{}}],"line":30},"7":{"loc":{"start":{"line":30,"column":8},"end":{"line":30,"column":41}},"type":"binary-expr","locations":[{"start":{"line":30,"column":8},"end":{"line":30,"column":22}},{"start":{"line":30,"column":26},"end":{"line":30,"column":41}}],"line":30},"8":{"loc":{"start":{"line":39,"column":6},"end":{"line":45,"column":7}},"type":"if","locations":[{"start":{"line":39,"column":6},"end":{"line":45,"column":7}},{"start":{"line":43,"column":13},"end":{"line":45,"column":7}}],"line":39},"9":{"loc":{"start":{"line":41,"column":10},"end":{"line":41,"column":63}},"type":"cond-expr","locations":[{"start":{"line":41,"column":45},"end":{"line":41,"column":53}},{"start":{"line":41,"column":56},"end":{"line":41,"column":63}}],"line":41},"10":{"loc":{"start":{"line":55,"column":4},"end":{"line":55,"column":32}},"type":"if","locations":[{"start":{"line":55,"column":4},"end":{"line":55,"column":32}},{"start":{},"end":{}}],"line":55},"11":{"loc":{"start":{"line":142,"column":13},"end":{"line":142,"column":63}},"type":"cond-expr","locations":[{"start":{"line":142,"column":30},"end":{"line":142,"column":46}},{"start":{"line":142,"column":49},"end":{"line":142,"column":63}}],"line":142},"12":{"loc":{"start":{"line":146,"column":9},"end":{"line":151,"column":9}},"type":"binary-expr","locations":[{"start":{"line":146,"column":9},"end":{"line":146,"column":23}},{"start":{"line":147,"column":10},"end":{"line":150,"column":29}}],"line":146}},"s":{"0":0,"1":0,"2":0,"3":0,"4":0,"5":0,"6":0,"7":0,"8":0,"9":0,"10":0,"11":0,"12":0,"13":0,"14":0,"15":0,"16":0,"17":0,"18":0,"19":0,"20":0,"21":0,"22":0,"23":0,"24":0,"25":0,"26":0,"27":0,"28":0,"29":0,"30":0,"31":0,"32":0,"33":0,"34":0,"35":0},"f":{"0":0,"1":0,"2":0,"3":0,"4":0,"5":0,"6":0,"7":0,"8":0,"9":0,"10":0},"b":{"0":[0,0],"1":[0,0],"2":[0,0],"3":[0,0],"4":[0,0],"5":[0,0],"6":[0,0],"7":[0,0],"8":[0,0],"9":[0,0],"10":[0,0],"11":[0,0],"12":[0,0]}}
,"/Users/clementadegbenro/CascadeProjects/nigerian-emergency-app/src/screens/EmergencyFacilityFinder.js": {"path":"/Users/clementadegbenro/CascadeProjects/nigerian-emergency-app/src/screens/EmergencyFacilityFinder.js","statementMap":{"0":{"start":{"line":17,"column":24},"end":{"line":21,"column":1}},"1":{"start":{"line":23,"column":32},"end":{"line":170,"column":1}},"2":{"start":{"line":24,"column":42},"end":{"line":24,"column":83}},"3":{"start":{"line":25,"column":38},"end":{"line":25,"column":50}},"4":{"start":{"line":26,"column":32},"end":{"line":26,"column":47}},"5":{"start":{"line":27,"column":28},"end":{"line":27,"column":42}},"6":{"start":{"line":28,"column":36},"end":{"line":28,"column":51}},"7":{"start":{"line":30,"column":2},"end":{"line":33,"column":21}},"8":{"start":{"line":31,"column":4},"end":{"line":31,"column":25}},"9":{"start":{"line":32,"column":4},"end":{"line":32,"column":21}},"10":{"start":{"line":35,"column":29},"end":{"line":42,"column":3}},"11":{"start":{"line":36,"column":4},"end":{"line":41,"column":5}},"12":{"start":{"line":37,"column":26},"end":{"line":37,"column":78}},"13":{"start":{"line":38,"column":6},"end":{"line":38,"column":32}},"14":{"start":{"line":40,"column":6},"end":{"line":40,"column":61}},"15":{"start":{"line":44,"column":25},"end":{"line":63,"column":3}},"16":{"start":{"line":45,"column":4},"end":{"line":45,"column":21}},"17":{"start":{"line":46,"column":4},"end":{"line":46,"column":19}},"18":{"start":{"line":47,"column":4},"end":{"line":62,"column":5}},"19":{"start":{"line":48,"column":31},"end":{"line":48,"column":96}},"20":{"start":{"line":49,"column":6},"end":{"line":56,"column":11}},"21":{"start":{"line":49,"column":54},"end":{"line":56,"column":7}},"22":{"start":{"line":58,"column":6},"end":{"line":58,"column":75}},"23":{"start":{"line":59,"column":6},"end":{"line":59,"column":56}},"24":{"start":{"line":61,"column":6},"end":{"line":61,"column":24}},"25":{"start":{"line":65,"column":29},"end":{"line":71,"column":3}},"26":{"start":{"line":66,"column":4},"end":{"line":70,"column":5}},"27":{"start":{"line":67,"column":6},"end":{"line":67,"column":44}},"28":{"start":{"line":69,"column":6},"end":{"line":69,"column":50}},"29":{"start":{"line":73,"column":30},"end":{"line":83,"column":3}},"30":{"start":{"line":74,"column":19},"end":{"line":74,"column":81}},"31":{"start":{"line":75,"column":19},"end":{"line":75,"column":63}},"32":{"start":{"line":76,"column":18},"end":{"line":76,"column":32}},"33":{"start":{"line":77,"column":16},"end":{"line":80,"column":6}},"34":{"start":{"line":82,"column":4},"end":{"line":82,"column":25}},"35":{"start":{"line":85,"column":29},"end":{"line":113,"column":3}},"36":{"start":{"line":86,"column":4},"end":{"line":112,"column":11}},"37":{"start":{"line":100,"column":27},"end":{"line":100,"column":63}},"38":{"start":{"line":107,"column":25},"end":{"line":107,"column":50}},"39":{"start":{"line":115,"column":2},"end":{"line":169,"column":4}},"40":{"start":{"line":119,"column":10},"end":{"line":135,"column":29}},"41":{"start":{"line":125,"column":27},"end":{"line":125,"column":48}},"42":{"start":{"line":163,"column":36},"end":{"line":163,"column":43}},"43":{"start":{"line":172,"column":15},"end":{"line":265,"column":2}}},"fnMap":{"0":{"name":"(anonymous_0)","decl":{"start":{"line":23,"column":32},"end":{"line":23,"column":33}},"loc":{"start":{"line":23,"column":38},"end":{"line":170,"column":1}},"line":23},"1":{"name":"(anonymous_1)","decl":{"start":{"line":30,"column":12},"en
[...]
2}},"33":{"start":{"line":75,"column":10},"end":{"line":75,"column":43}},"34":{"start":{"line":78,"column":10},"end":{"line":78,"column":29}},"35":{"start":{"line":83,"column":6},"end":{"line":83,"column":62}},"36":{"start":{"line":83,"column":35},"end":{"line":83,"column":60}},"37":{"start":{"line":86,"column":4},"end":{"line":86,"column":30}}},"fnMap":{"0":{"name":"(anonymous_0)","decl":{"start":{"line":8,"column":32},"end":{"line":8,"column":33}},"loc":{"start":{"line":11,"column":5},"end":{"line":44,"column":1}},"line":11},"1":{"name":"(anonymous_1)","decl":{"start":{"line":36,"column":24},"end":{"line":36,"column":25}},"loc":{"start":{"line":36,"column":35},"end":{"line":36,"column":61}},"line":36},"2":{"name":"(anonymous_2)","decl":{"start":{"line":50,"column":2},"end":{"line":50,"column":3}},"loc":{"start":{"line":50,"column":28},"end":{"line":55,"column":3}},"line":50},"3":{"name":"(anonymous_3)","decl":{"start":{"line":57,"column":2},"end":{"line":57,"column":3}},"loc":{"start":{"line":57,"column":23},"end":{"line":87,"column":3}},"line":57},"4":{"name":"(anonymous_4)","decl":{"start":{"line":83,"column":24},"end":{"line":83,"column":25}},"loc":{"start":{"line":83,"column":35},"end":{"line":83,"column":60}},"line":83}},"branchMap":{"0":{"loc":{"start":{"line":10,"column":2},"end":{"line":10,"column":31}},"type":"default-arg","locations":[{"start":{"line":10,"column":11},"end":{"line":10,"column":31}}],"line":10},"1":{"loc":{"start":{"line":27,"column":6},"end":{"line":29,"column":7}},"type":"if","locations":[{"start":{"line":27,"column":6},"end":{"line":29,"column":7}},{"start":{},"end":{}}],"line":27},"2":{"loc":{"start":{"line":27,"column":10},"end":{"line":27,"column":51}},"type":"binary-expr","locations":[{"start":{"line":27,"column":10},"end":{"line":27,"column":29}},{"start":{"line":27,"column":33},"end":{"line":27,"column":51}}],"line":27},"3":{"loc":{"start":{"line":31,"column":6},"end":{"line":33,"column":7}},"type":"if","locations":[{"start":{"line":31,"column":6},"end":{"line":33,"column":7}},{"start":{},"end":{}}],"line":31},"4":{"loc":{"start":{"line":52,"column":4},"end":{"line":54,"column":5}},"type":"if","locations":[{"start":{"line":52,"column":4},"end":{"line":54,"column":5}},{"start":{},"end":{}}],"line":52},"5":{"loc":{"start":{"line":58,"column":4},"end":{"line":60,"column":5}},"type":"if","locations":[{"start":{"line":58,"column":4},"end":{"line":60,"column":5}},{"start":{},"end":{}}],"line":58},"6":{"loc":{"start":{"line":58,"column":8},"end":{"line":58,"column":52}},"type":"binary-expr","locations":[{"start":{"line":58,"column":8},"end":{"line":58,"column":25}},{"start":{"line":58,"column":29},"end":{"line":58,"column":52}}],"line":58},"7":{"loc":{"start":{"line":73,"column":8},"end":{"line":79,"column":9}},"type":"if","locations":[{"start":{"line":73,"column":8},"end":{"line":79,"column":9}},{"start":{"line":76,"column":15},"end":{"line":79,"column":9}}],"line":73}},"s":{"0":0,"1":0,"2":0,"3":0,"4":0,"5":0,"6":0,"7":0,"8":0,"9":0,"10":0,"11":0,"12":0,"13":0,"14":0,"15":0,"16":0,"17":0,"18":0,"19":0,"20":0,"21":0,"22":0,"23":0,"24":0,"25":0,"26":0,"27":0,"28":0,"29":0,"30":0,"31":0,"32":0,"33":0,"34":0,"35":0,"36":0,"37":0},"f":{"0":0,"1":0,"2":0,"3":0,"4":0},"b":{"0":[0],"1":[0,0],"2":[0,0],"3":[0,0],"4":[0,0],"5":[0,0],"6":[0,0],"7":[0,0]}}
,"/Users/clementadegbenro/CascadeProjects/nigerian-emergency-app/src/utils/socialAuth.js": {"path":"/Users/clementadegbenro/CascadeProjects/nigerian-emergency-app/src/utils/socialAuth.js","statementMap":{"0":{"start":{"line":8,"column":0},"end":{"line":8,"column":38}},"1":{"start":{"line":11,"column":25},"end":{"line":11,"column":75}},"2":{"start":{"line":12,"column":24},"end":{"line":12,"column":46}},"3":{"start":{"line":14,"column":26},"end":{"line":91,"column":1}},"4":{"start":{"line":17,"column":45},"end":{"line":21,"column":6}},"5":{"start":{"line":23,"column":31},"end":{"line":46,"column":5}},"6":{"start":{"line":24,"column":6},"end":{"line":45,"column":7}},"7":{"start":{"line":25,"column":23},"end":{"line":25,"column":42}},"8":{"start":{"line":26,"column":8},"end":{"line":41,"column":9}},"9":{"start":{"line":27,"column":31},"end":{"line":27,"column":44}},"10":{"start":{"line":28,"column":29},"end":{"line":28,"column":73}},"11":{"start":{"line":29,"column":33},"end":{"line":29,"column":78}},"12":{"start":{"line":32,"column":10},"end":{"line":38,"column":13}},"13":{"start":{"line":40,"column":10},"end":{"line":40,"column":37}},"14":{"start":{"line":43,"column":8},"end":{"line":43,"column":54}},"15":{"start":{"line":44,"column":8},"end":{"line":44,"column":20}},"16":{"start":{"line":48,"column":4},"end":{"line":51,"column":6}},"17":{"start":{"line":56,"column":45},"end":{"line":59,"column":6}},"18":{"start":{"line":61,"column":33},"end":{"line":84,"column":5}},"19":{"start":{"line":62,"column":6},"end":{"line":83,"column":7}},"20":{"start":{"line":63,"column":23},"end":{"line":63,"column":42}},"21":{"start":{"line":64,"column":8},"end":{"line":79,"column":9}},"22":{"start":{"line":65,"column":35},"end":{"line":65,"column":48}},"23":{"start":{"line":66,"column":29},"end":{"line":66,"column":79}},"24":{"start":{"line":67,"column":33},"end":{"line":67,"column":78}},"25":{"start":{"line":70,"column":10},"end":{"line":76,"column":13}},"26":{"start":{"line":78,"column":10},"end":{"line":78,"column":37}},"27":{"start":{"line":81,"column":8},"end":{"line":81,"column":56}},"28":{"start":{"line":82,"column":8},"end":{"line":82,"column":20}},"29":{"start":{"line":86,"column":4},"end":{"line":89,"column":6}}},"fnMap":{"0":{"name":"(anonymous_0)","decl":{"start":{"line":16,"column":2},"end":{"line":16,"column":3}},"loc":{"start":{"line":16,"column":18},"end":{"line":52,"column":3}},"line":16},"1":{"name":"(anonymous_1)","decl":{"start":{"line":23,"column":31},"end":{"line":23,"column":32}},"loc":{"start":{"line":23,"column":43},"end":{"line":46,"column":5}},"line":23},"2":{"name":"(anonymous_2)","decl":{"start":{"line":55,"column":2},"end":{"line":55,"column":3}},"loc":{"start":{"line":55,"column":20},"end":{"line":90,"column":3}},"line":55},"3":{"name":"(anonymous_3)","decl":{"start":{"line":61,"column":33},"end":{"line":61,"column":34}},"loc":{"start":{"line":61,"column":45},"end":{"line":84,"column":5}},"line":61}},"branchMap":{"0":{"loc":{"start":{"line":26,"column":8},"end":{"line":41,"column":9}},"type":"if","locations":[{"start":{"line":26,"column":8},"end":{"line":41,"column":9}},{"start":{},"end":{}}],"line":26},"1":{"loc":{"start":{"line":64,"column":8},"end":{"line":79,"column":9}},"type":"if","locations":[{"start":{"line":64,"column":8},"end":{"line":79,"column":9}},{"start":{},"end":{}}],"line":64}},"s":{"0":0,"1":0,"2":0,"3":0,"4":0,"5":0,"6":0,"7":0,"8":0,"9":0,"10":0,"11":0,"12":0,"13":0,"14":0,"15":0,"16":0,"17":0,"18":0,"19":0,"20":0,"21":0,"22":0,"23":0,"24":0,"25":0,"26":0,"27":0,"28":0,"29":0},"f":{"0":0,"1":0,"2":0,"3":0},"b":{"0":[0,0],"1":[0,0]}}
,"/Users/clementadegbenro/CascadeProjects/nigerian-emergency-app/src/utils/storage.js": {"path":"/Users/clementadegbenro/CascadeProjects/nigerian-emergency-app/src/utils/storage.js","statementMap":{"0":{"start":{"line":3,"column":21},"end":{"line":10,"column":1}},"1":{"start":{"line":12,"column":23},"end":{"line":228,"column":1}},"2":{"start":{"line":15,"column":4},"end":{"line":23,"column":5}},"3":{"start":{"line":16,"column":6},"end":{"line":19,"column":8}},"4":{"start":{"line":21,"column":6},"end":{"line":21,"column":57}},"5":{"start":{"line":22,"column":6},"end":{"line":22,"column":18}},"6":{"start":{"line":27,"column":4},"end":{"line":33,"column":5}},"7":{"start":{"line":28,"column":22},"end":{"line":28,"column":75}},"8":{"start":{"line":29,"column":6},"end":{"line":29,"column":50}},"9":{"start":{"line":31,"column":6},"end":{"line":31,"column":58}},"10":{"start":{"line":32,"column":6},"end":{"line":32,"column":18}},"11":{"start":{"line":38,"column":4},"end":{"line":46,"column":5}},"12":{"start":{"line":39,"column":6},"end":{"line":42,"column":8}},"13":{"start":{"line":44,"column":6},"end":{"line":44,"column":63}},"14":{"start":{"line":45,"column":6},"end":{"line":45,"column":18}},"15":{"start":{"line":50,"column":4},"end":{"line":56,"column":5}},"16":{"start":{"line":51,"column":23},"end":{"line":51,"column":82}},"17":{"start":{"line":52,"column":6},"end":{"line":52,"column":50}},"18":{"start":{"line":54,"column":6},"end":{"line":54,"column":64}},"19":{"start":{"line":55,"column":6},"end":{"line":55,"column":18}},"20":{"start":{"line":60,"column":4},"end":{"line":68,"column":5}},"21":{"start":{"line":61,"column":23},"end":{"line":61,"column":56}},"22":{"start":{"line":62,"column":6},"end":{"line":62,"column":63}},"23":{"start":{"line":63,"column":6},"end":{"line":63,"column":49}},"24":{"start":{"line":64,"column":6},"end":{"line":64,"column":22}},"25":{"start":{"line":66,"column":6},"end":{"line":66,"column":62}},"26":{"start":{"line":67,"column":6},"end":{"line":67,"column":18}},"27":{"start":{"line":72,"column":4},"end":{"line":83,"column":5}},"28":{"start":{"line":73,"column":23},"end":{"line":73,"column":56}},"29":{"start":{"line":74,"column":20},"end":{"line":74,"column":73}},"30":{"start":{"line":74,"column":46},"end":{"line":74,"column":72}},"31":{"start":{"line":75,"column":6},"end":{"line":78,"column":7}},"32":{"start":{"line":76,"column":8},"end":{"line":76,"column":41}},"33":{"start":{"line":77,"column":8},"end":{"line":77,"column":51}},"34":{"start":{"line":79,"column":6},"end":{"line":79,"column":22}},"35":{"start":{"line":81,"column":6},"end":{"line":81,"column":64}},"36":{"start":{"line":82,"column":6},"end":{"line":82,"column":18}},"37":{"start":{"line":87,"column":4},"end":{"line":95,"column":5}},"38":{"start":{"line":88,"column":23},"end":{"line":88,"column":56}},"39":{"start":{"line":89,"column":30},"end":{"line":89,"column":72}},"40":{"start":{"line":89,"column":53},"end":{"line":89,"column":71}},"41":{"start":{"line":90,"column":6},"end":{"line":90,"column":56}},"42":{"start":{"line":91,"column":6},"end":{"line":91,"column":29}},"43":{"start":{"line":93,"column":6},"end":{"line":93,"column":64}},"44":{"start":{"line":94,"column":6},"end":{"line":94,"column":18}},"45":{"start":{"line":100,"column":4},"end":{"line":108,"column":5}},"46":{"start":{"line":101,"column":6},"end":{"line":104,"column":8}},"47":{"start":{"line":106,"column":6},"end":{"line":106,"column":57}},"48":{"start":{"line":107,"column":6},"end":{"line":107,"column":18}},"49":{"start":{"line":112,"column":4},"end":{"line":126,"column":5}},"50":{"start":{"line":113,"column":23},"end":{"line":113,"column":76}},"51":{"start":{"line":114,"column":6},"end":{"line":122,"column":12}},"52":{"start":{"line":124,"column":6},"end":{"line":124,"column":58}},"53":{"start":{"line":125,"column":6},"end":{"line":125,"column":18}},"54":{"start":{"line":131,"column":4},"end":{"line":139,"column":5}},"55":{"start":{"line":132,"column":6},"end":{"line":135,"column":8}},"56":{"start":{"line":137,"column":6},"end":{"line":137,"column":61}},"57":{"start":{"line":138,"column":6},"end":{"line":138,"column":18}},"58":{"start":{"line":143,"column":4},"end":{"line":149,"column":5}},"59":{"start":{"line":144,"column":24},"end":{"line":144,"column":81}},"60":{"start":{"line":145,"column":6},"end":{"line":145,"column":54}},"61":{"start":{"line":147,"column":6},"end":{"line":147,"column":62}},"62":{"start":{"line":148,"column":6},"end":{"line":148,"column":18}},"63":{"start":{"line":154,"column":4},"end":{"line":162,"column":5}},"64":{"start":{"line":155,"column":6},"end":{"line":158,"column":8}},"65":{"start":{"line":160,"column":6},"end":{"line":160,"column":58}},"66":{"start":{"line":161,"column":6},"end":{"line":161,"column":18}},"67":{"start":{"line":166,"column":4},"end":{"line":172,"column":5}},"68":{"start":{"line":167,"column":20},"end":{"line":167,"column":74}},"69":{"start":{"line":168,"column":6},"end":{"line":168,"column":44}},"70":{"start":{"line":170,"column":6},"end":{"line":170,"column":59}},"71":{"start":{"line":171,"column":6},"end":{"line":171,"column":18}},"72":{"start":{"line":176,"column":4},"end":{"line":184,"column":5}},"73":{"start":{"line":177,"column":20},"end":{"line":177,"column":48}},"74":{"start":{"line":178,"column":6},"end":{"line":178,"column":76}},"75":{"start":{"line":179,"column":6},"end":{"line":179,"column":41}},"76":{"start":{"line":180,"column":6},"end":{"line":180,"column":19}},"77":{"start":{"line":182,"column":6},"end":{"line":182,"column":57}},"78":{"start":{"line":183,"column":6},"end":{"line":183,"column":18}},"79":{"start":{"line":189,"column":4},"end":{"line":197,"column":5}},"80":{"start":{"line":190,"column":6},"end":{"line":193,"column":8}},"81":{"start":{"line":195,"column":6},"end":{"line":195,"column":60}},"82":{"start":{"line":196,"column":6},"end":{"line":196,"column":18}},"83":{"start":{"line":201,"column":4},"end":{"line":207,"column":5}},"84":{"start":{"line":202,"column":23},"end":{"line":202,"column":79}},"85":{"start":{"line":203,"column":6},"end":{"line":203,"column":52}},"86":{"start":{"line":205,"column":6},"end":{"line":205,"column":61}},"87":{"start":{"line":206,"column":6},"end":{"line":206,"column":18}},"88":{"start":{"line":212,"column":4},"end":{"line":217,"column":5}},"89":{"start":{"line":213,"column":6},"end":{"line":213,"column":33}},"90":{"start":{"line":215,"column":6},"end":{"line":215,"column":54}},"91":{"start":{"line":216,"column":6},"end":{"line":216,"column":18}},"92":{"start":{"line":221,"column":4},"end":{"line":226,"column":5}},"93":{"start":{"line":222,"column":6},"end":{"line":222,"column":55}},"94":{"start":{"line":224,"column":6},"end":{"line":224,"column":53}},"95":{"start":{"line":225,"column":6},"end":{"line":225,"column":18}}},"fnMap":{"0":{"name":"(anonymous_0)","decl":{"start":{"line":14,"column":2},"end":{"line":14,"column":3}},"loc":{"start":{"line":14,"column":33},"end":{"line":24,"column":3}},"line":14},"1":{"name":"(anonymous_1)","decl":{"start":{"line":26,"column":2},"end":{"line":26,"column":3}},"loc":{"start":{"line":26,"column":25},"end":{"line":34,"column":3}},"line":26},"2":{"name":"(anonymous_2)","decl":{"start":{"line":37,"column":2},"end":{"line":37,"column":3}},"loc":{"start":{"line":37,"column":40},"end":{"line":47,"column":3}},"line":37},"3":{"name":"(anonymous_3)","decl":{"start":{"line":49,"column":2},"end":{"line":49,"column":3}},"loc":{"start":{"line":49,"column":31},"end":{"line":57,"column":3}},"line":49},"4":{"name":"(anonymous_4)","decl":{"start":{"line":59,"column":2},"end":{"line":59,"column":3}},"loc":{"start":{"line":59,"column":37},"end":{"line":69,"column":3}},"line":59},"5":{"name":"(anonymous_5)","decl":{"start":{"line":71,"column":2},"end":{"line":71,"column":3}},"loc":{"start":{"line":71,"column":47},"end":{"line":84,"column":3}},"line":71},"6":{"name":"(anonymous_6)","decl":{"start":{"line":74,"column":39},"end":{"line":74,"column":40}},"loc":{"start":{"line":74,"column":46},"end":{"line":74,"column":72}},"line":74},"7":{"name":"(anonymous_7)","decl":{"start":{"line":86,"column":2},"end":{"line":86,"column":3}},"loc":{"start":{"line":86,"column":42},"end":{"line":96,"column":3}},"line":86},"8":{"name":"(anonymous_8)","decl":{"start":{"line":89,"column":46},"end":{"line":89,"column":47}},"loc":{"start":{"line":89,"column":53},"end":{"line":89,"column":71}},"line":89},"9":{"name":"(anonymous_9)","decl":{"start":{"line":99,"column":2},"end":{"line":99,"column":3}},"loc":{"start":{"line":99,"column":34},"end":{"line":109,"column":3}},"line":99},"10":{"name":"(anonymous_10)","decl":{"start":{"line":111,"column":2},"end":{"line":111,"column":3}},"loc":{"start":{"line":111,"column":25},"end":{"line":127,"column":3}},"line":111},"11":{"name":"(anonymous_11)","decl":{"start":{"line":130,"column":2},"end":{"line":130,"column":3}},"loc":{"start":{"line":130,"column":39},"end":{"line":140,"column":3}},"line":130},"12":{"name":"(anonymous_12)","decl":{"start":{"line":142,"column":2},"end":{"line":142,"column":3}},"loc":{"start":{"line":142,"column":29},"end":{"line":150,"column":3}},"line":142},"13":{"name":"(anonymous_13)","decl":{"start":{"line":153,"column":2},"end":{"line":153,"column":3}},"loc":{"start":{"line":153,"column":32},"end":{"line":163,"column":3}},"line":153},"14":{"name":"(anonymous_14)","decl":{"start":{"line":165,"column":2},"end":{"line":165,"column":3}},"loc":{"start":{"line":165,"column":26},"end":{"line":173,"column":3}},"line":165},"15":{"name":"(anonymous_15)","decl":{"start":{"line":175,"column":2},"end":{"line":175,"column":3}},"loc":{"start":{"line":175,"column":29},"end":{"line":185,"column":3}},"line":175},"16":{"name":"(anonymous_16)","decl":{"start":{"line":188,"column":2},"end":{"line":188,"column":3}},"loc":{"start":{"line":188,"column":37},"end":{"line":198,"column":3}},"line":188},"17":{"name":"(anonymous_17)","decl":{"start":{"line":200,"column":2},"end":{"line":200,"column":3}},"loc":{"start":{"line":200,"column":28},"end":{"line":208,"column":3}},"line":200},"18":{"name":"(anonymous_18)","decl":{"start":{"line":211,"column":2},"end":{"line":211,"column":3}},"loc":{"start":{"line":211,"column":19},"end":{"line":218,"column":3}},"line":211},"19":{"name":"(anonymous_19)","decl":{"start":{"line":220,"column":2},"end":{"line":220,"column":3}},"loc":{"start":{"line":220,"column":27},"end":{"line":227,"column":3}},"line":220}},"branchMap":{"0":{"loc":{"start":{"line":29,"column":13},"end":{"line":29,"column":49}},"type":"cond-expr","locations":[{"start":{"line":29,"column":23},"end":{"line":29,"column":42}},{"start":{"line":29,"column":45},"end":{"line":29,"column":49}}],"line":29},"1":{"loc":{"start":{"line":52,"column":13},"end":{"line":52,"column":49}},"type":"cond-expr","locations":[{"start":{"line":52,"column":24},"end":{"line":52,"column":44}},{"start":{"line":52,"column":47},"end":{"line":52,"column":49}}],"line":52},"2":{"loc":{"start":{"line":75,"column":6},"end":{"line":78,"column":7}},"type":"if","locations":[{"start":{"line":75,"column":6},"end":{"line":78,"column":7}},{"start":{},"end":{}}],"line":75},"3":{"loc":{"start":{"line":114,"column":13},"end":{"line":122,"column":11}},"type":"cond-expr","locations":[{"start":{"line":115,"column":10},"end":{"line":115,"column":30}},{"start":{"line":116,"column":10},"end":{"line":122,"column":11}}],"line":114},"4":{"loc":{"start":{"line":145,"column":13},"end":{"line":145,"column":53}},"type":"cond-expr","locations":[{"start":{"line":145,"column":25},"end":{"line":145,"column":46}},{"start":{"line":145,"column":49},"end":{"line":145,"column":53}}],"line":145},"5":{"loc":{"start":{"line":168,"column":13},"end":{"line":168,"column":43}},"type":"cond-expr","locations":[{"start":{"line":168,"column":21},"end":{"line":168,"column":38}},{"start":{"line":168,"column":41},"end":{"line":168,"column":43}}],"line":168},"6":{"loc":{"start":{"line":203,"column":13},"end":{"line":203,"column":51}},"type":"cond-expr","locations":[{"start":{"line":203,"column":24},"end":{"line":203,"column":44}},{"start":{"line":203,"column":47},"end":{"line":203,"column":51}}],"line":203}},"s":{"0":0,"1":0,"2":0,"3":0,"4":0,"5":0,"6":0,"7":0,"8":0,"9":0,"10":0,"11":0,"12":0,"13":0,"14":0,"15":0,"16":0,"17":0,"18":0,"19":0,"20":0,"21":0,"22":0,"23":0,"24":0,"25":0,"26":0,"27":0,"28":0,"29":0,"30":0,"31":0,"32":0,"33":0,"34":0,"35":0,"36":0,"37":0,"38":0,"39":0,"40":0,"41":0,"42":0,"43":0,"44":0,"45":0,"46":0,"47":0,"48":0,"49":0,"50":0,"51":0,"52":0,"53":0,"54":0,"55":0,"56":0,"57":0,"58":0,"59":0,"60":0,"61":0,"62":0,"63":0,"64":0,"65":0,"66":0,"67":0,"68":0,"69":0,"70":0,"71":0,"72":0,"73":0,"74":0,"75":0,"76":0,"77":0,"78":0,"79":0,"80":0,"81":0,"82":0,"83":0,"84":0,"85":0,"86":0,"87":0,"88":0,"89":0,"90":0,"91":0,"92":0,"93":0,"94":0,"95":0},"f":{"0":0,"1":0,"2":0,"3":0,"4":0,"5":0,"6":0,"7":0,"8":0,"9":0,"10":0,"11":0,"12":0,"13":0,"14":0,"15":0,"16":0,"17":0,"18":0,"19":0},"b":{"0":[0,0],"1":[0,0],"2":[0,0],"3":[0,0],"4":[0,0],"5":[0,0],"6":[0,0]}}
}
