TN:
SF:src/components/ContactPicker.js
FN:15,(anonymous_0)
FN:21,(anonymous_1)
FN:25,(anonymous_2)
FN:29,(anonymous_3)
FN:40,(anonymous_4)
FN:41,(anonymous_5)
FN:58,(anonymous_6)
FN:64,(anonymous_7)
FN:66,(anonymous_8)
FN:73,(anonymous_9)
FN:84,(anonymous_10)
FN:86,(anonymous_11)
FN:94,(anonymous_12)
FN:97,(anonymous_13)
FN:145,(anonymous_14)
FN:146,(anonymous_15)
FNF:16
FNH:0
FNDA:0,(anonymous_0)
FNDA:0,(anonymous_1)
FNDA:0,(anonymous_2)
FNDA:0,(anonymous_3)
FNDA:0,(anonymous_4)
FNDA:0,(anonymous_5)
FNDA:0,(anonymous_6)
FNDA:0,(anonymous_7)
FNDA:0,(anonymous_8)
FNDA:0,(anonymous_9)
FNDA:0,(anonymous_10)
FNDA:0,(anonymous_11)
FNDA:0,(anonymous_12)
FNDA:0,(anonymous_13)
FNDA:0,(anonymous_14)
FNDA:0,(anonymous_15)
DA:15,0
DA:16,0
DA:17,0
DA:18,0
DA:19,0
DA:21,0
DA:22,0
DA:25,0
DA:26,0
DA:29,0
DA:30,0
DA:31,0
DA:32,0
DA:33,0
DA:37,0
DA:39,0
DA:40,0
DA:41,0
DA:42,0
DA:45,0
DA:51,0
DA:52,0
DA:54,0
DA:58,0
DA:59,0
DA:60,0
DA:61,0
DA:64,0
DA:65,0
DA:67,0
DA:70,0
DA:73,0
DA:74,0
DA:75,0
DA:76,0
DA:80,0
DA:81,0
DA:84,0
DA:86,0
DA:90,0
DA:94,0
DA:95,0
DA:97,0
DA:115,0
DA:145,0
DA:147,0
DA:157,0
LF:47
LH:0
BRDA:32,0,0,0
BRDA:32,0,1,0
BRDA:37,1,0,0
BRDA:37,1,1,0
BRDA:40,2,0,0
BRDA:40,2,1,0
BRDA:59,3,0,0
BRDA:59,3,1,0
BRDA:65,4,0,0
BRDA:65,4,1,0
BRDA:74,5,0,0
BRDA:74,5,1,0
BRDA:74,6,0,0
BRDA:74,6,1,0
BRDA:80,7,0,0
BRDA:80,7,1,0
BRDA:106,8,0,0
BRDA:106,8,1,0
BRDA:106,8,2,0
BRDA:139,9,0,0
BRDA:139,9,1,0
BRDA:148,10,0,0
BRDA:148,10,1,0
BRF:23
BRH:0
end_of_record
TN:
SF:src/components/ContactRelationshipModal.js
FN:31,(anonymous_0)
FN:37,(anonymous_1)
FN:65,(anonymous_2)
FN:72,(anonymous_3)
FN:96,(anonymous_4)
FN:103,(anonymous_5)
FNF:6
FNH:0
FNDA:0,(anonymous_0)
FNDA:0,(anonymous_1)
FNDA:0,(anonymous_2)
FNDA:0,(anonymous_3)
FNDA:0,(anonymous_4)
FNDA:0,(anonymous_5)
DA:13,0
DA:25,0
DA:31,0
DA:32,0
DA:33,0
DA:34,0
DA:35,0
DA:37,0
DA:38,0
DA:43,0
DA:46,0
DA:66,0
DA:72,0
DA:97,0
DA:103,0
DA:130,0
LF:16
LH:0
BRDA:32,0,0,0
BRDA:32,0,1,0
BRDA:34,1,0,0
BRDA:34,1,1,0
BRDA:35,2,0,0
BRDA:35,2,1,0
BRDA:39,3,0,0
BRDA:39,3,1,0
BRDA:70,4,0,0
BRDA:70,4,1,0
BRDA:77,5,0,0
BRDA:77,5,1,0
BRDA:86,6,0,0
BRDA:86,6,1,0
BRDA:101,7,0,0
BRDA:101,7,1,0
BRF:16
BRH:0
end_of_record
TN:
SF:src/components/EmergencyButton.js
FN:19,(anonymous_0)
FN:27,(anonymous_1)
FN:31,(anonymous_2)
FN:43,(anonymous_3)
FN:55,(anonymous_4)
FN:62,(anonymous_5)
FN:85,(anonymous_6)
FN:100,(anonymous_7)
FN:101,(anonymous_8)
FN:106,(anonymous_9)
FN:142,(anonymous_10)
FN:150,(anonymous_11)
FN:156,(anonymous_12)
FN:192,(anonymous_13)
FN:226,(anonymous_14)
FNF:15
FNH:0
FNDA:0,(anonymous_0)
FNDA:0,(anonymous_1)
FNDA:0,(anonymous_2)
FNDA:0,(anonymous_3)
FNDA:0,(anonymous_4)
FNDA:0,(anonymous_5)
FNDA:0,(anonymous_6)
FNDA:0,(anonymous_7)
FNDA:0,(anonymous_8)
FNDA:0,(anonymous_9)
FNDA:0,(anonymous_10)
FNDA:0,(anonymous_11)
FNDA:0,(anonymous_12)
FNDA:0,(anonymous_13)
FNDA:0,(anonymous_14)
DA:19,0
DA:20,0
DA:21,0
DA:22,0
DA:23,0
DA:24,0
DA:25,0
DA:27,0
DA:28,0
DA:31,0
DA:32,0
DA:33,0
DA:34,0
DA:36,0
DA:43,0
DA:44,0
DA:56,0
DA:57,0
DA:62,0
DA:63,0
DA:64,0
DA:65,0
DA:68,0
DA:69,0
DA:70,0
DA:73,0
DA:74,0
DA:75,0
DA:79,0
DA:82,0
DA:85,0
DA:86,0
DA:87,0
DA:89,0
DA:90,0
DA:93,0
DA:94,0
DA:95,0
DA:96,0
DA:100,0
DA:101,0
DA:103,0
DA:106,0
DA:107,0
DA:108,0
DA:109,0
DA:112,0
DA:113,0
DA:115,0
DA:116,0
DA:117,0
DA:120,0
DA:127,0
DA:132,0
DA:142,0
DA:150,0
DA:151,0
DA:152,0
DA:156,0
DA:157,0
DA:158,0
DA:159,0
DA:162,0
DA:163,0
DA:165,0
DA:166,0
DA:167,0
DA:170,0
DA:177,0
DA:182,0
DA:192,0
DA:200,0
DA:226,0
DA:235,0
LF:74
LH:0
BRDA:56,0,0,0
BRDA:56,0,1,0
BRDA:63,1,0,0
BRDA:63,1,1,0
BRDA:63,2,0,0
BRDA:63,2,1,0
BRDA:73,3,0,0
BRDA:73,3,1,0
BRDA:89,4,0,0
BRDA:89,4,1,0
BRDA:93,5,0,0
BRDA:93,5,1,0
BRDA:108,6,0,0
BRDA:108,6,1,0
BRDA:115,7,0,0
BRDA:115,7,1,0
BRDA:158,8,0,0
BRDA:158,8,1,0
BRDA:165,9,0,0
BRDA:165,9,1,0
BRDA:213,10,0,0
BRDA:213,10,1,0
BRDA:218,11,0,0
BRDA:218,11,1,0
BRDA:224,12,0,0
BRDA:224,12,1,0
BRF:26
BRH:0
end_of_record
TN:
SF:src/components/EmergencyContactManager.js
FN:17,(anonymous_0)
FN:25,(anonymous_1)
FN:29,(anonymous_2)
FN:51,(anonymous_3)
FN:77,(anonymous_4)
FN:104,(anonymous_5)
FN:120,(anonymous_6)
FN:129,(anonymous_7)
FN:147,(anonymous_8)
FN:152,(anonymous_9)
FN:160,(anonymous_10)
FN:181,(anonymous_11)
FN:190,(anonymous_12)
FN:194,(anonymous_13)
FNF:14
FNH:0
FNDA:0,(anonymous_0)
FNDA:0,(anonymous_1)
FNDA:0,(anonymous_2)
FNDA:0,(anonymous_3)
FNDA:0,(anonymous_4)
FNDA:0,(anonymous_5)
FNDA:0,(anonymous_6)
FNDA:0,(anonymous_7)
FNDA:0,(anonymous_8)
FNDA:0,(anonymous_9)
FNDA:0,(anonymous_10)
FNDA:0,(anonymous_11)
FNDA:0,(anonymous_12)
FNDA:0,(anonymous_13)
DA:17,0
DA:18,0
DA:19,0
DA:20,0
DA:21,0
DA:22,0
DA:23,0
DA:25,0
DA:26,0
DA:29,0
DA:30,0
DA:31,0
DA:32,0
DA:33,0
DA:39,0
DA:40,0
DA:42,0
DA:44,0
DA:45,0
DA:47,0
DA:51,0
DA:52,0
DA:53,0
DA:54,0
DA:55,0
DA:56,0
DA:59,0
DA:63,0
DA:64,0
DA:68,0
DA:69,0
DA:72,0
DA:73,0
DA:77,0
DA:78,0
DA:79,0
DA:80,0
DA:81,0
DA:90,0
DA:91,0
DA:93,0
DA:94,0
DA:96,0
DA:97,0
DA:98,0
DA:100,0
DA:104,0
DA:105,0
DA:106,0
DA:107,0
DA:108,0
DA:115,0
DA:116,0
DA:117,0
DA:120,0
DA:122,0
DA:123,0
DA:125,0
DA:129,0
DA:130,0
DA:131,0
DA:132,0
DA:137,0
DA:138,0
DA:140,0
DA:141,0
DA:143,0
DA:147,0
DA:148,0
DA:153,0
DA:160,0
DA:173,0
DA:181,0
DA:190,0
DA:194,0
DA:203,0
LF:76
LH:0
BRDA:40,0,0,0
BRDA:40,0,1,0
BRDA:54,1,0,0
BRDA:54,1,1,0
BRDA:63,2,0,0
BRDA:63,2,1,0
BRDA:91,3,0,0
BRDA:91,3,1,0
BRDA:115,4,0,0
BRDA:115,4,1,0
BRDA:175,5,0,0
BRDA:175,5,1,0
BRF:12
BRH:0
end_of_record
TN:
SF:src/components/EmergencyMap.js
FN:7,(anonymous_0)
FN:18,(anonymous_1)
FN:22,(anonymous_2)
FN:38,(anonymous_3)
FN:77,(anonymous_4)
FNF:5
FNH:0
FNDA:0,(anonymous_0)
FNDA:0,(anonymous_1)
FNDA:0,(anonymous_2)
FNDA:0,(anonymous_3)
FNDA:0,(anonymous_4)
DA:7,0
DA:14,0
DA:15,0
DA:16,0
DA:18,0
DA:19,0
DA:22,0
DA:23,0
DA:24,0
DA:25,0
DA:32,0
DA:34,0
DA:38,0
DA:39,0
DA:40,0
DA:41,0
DA:42,0
DA:43,0
DA:45,0
DA:52,0
DA:57,0
DA:58,0
DA:65,0
DA:78,0
DA:94,0
LF:25
LH:0
BRDA:9,0,0,0
BRDA:10,1,0,0
BRDA:12,2,0,0
BRDA:40,3,0,0
BRDA:40,3,1,0
BRDA:43,4,0,0
BRDA:43,4,1,0
BRDA:43,5,0,0
BRDA:43,5,1,0
BRDA:57,6,0,0
BRDA:57,6,1,0
BRDA:70,7,0,0
BRDA:70,7,1,0
BRDA:79,8,0,0
BRDA:79,8,1,0
BRF:15
BRH:0
end_of_record
TN:
SF:src/components/ErrorBoundary.js
FN:8,(anonymous_0)
FN:13,(anonymous_1)
FN:17,(anonymous_2)
FN:27,(anonymous_3)
FN:49,(anonymous_4)
FN:58,(anonymous_5)
FNF:6
FNH:0
FNDA:0,(anonymous_0)
FNDA:0,(anonymous_1)
FNDA:0,(anonymous_2)
FNDA:0,(anonymous_3)
FNDA:0,(anonymous_4)
FNDA:0,(anonymous_5)
DA:9,0
DA:10,0
DA:14,0
DA:18,0
DA:24,0
DA:27,0
DA:28,0
DA:29,0
DA:38,0
DA:39,0
DA:40,0
DA:43,0
DA:45,0
DA:49,0
DA:50,0
DA:51,0
DA:53,0
DA:54,0
DA:59,0
DA:60,0
DA:86,0
DA:90,0
LF:22
LH:0
BRDA:38,0,0,0
BRDA:38,0,1,0
BRDA:59,1,0,0
BRDA:59,1,1,0
BRDA:72,2,0,0
BRDA:72,2,1,0
BRF:6
BRH:0
end_of_record
TN:
SF:src/context/AuthContext.js
FN:7,(anonymous_0)
FN:12,(anonymous_1)
FN:14,(anonymous_2)
FN:32,(anonymous_3)
FN:48,(anonymous_4)
FN:64,(anonymous_5)
FN:76,(anonymous_6)
FN:109,(anonymous_7)
FNF:8
FNH:0
FNDA:0,(anonymous_0)
FNDA:0,(anonymous_1)
FNDA:0,(anonymous_2)
FNDA:0,(anonymous_3)
FNDA:0,(anonymous_4)
FNDA:0,(anonymous_5)
FNDA:0,(anonymous_6)
FNDA:0,(anonymous_7)
DA:5,0
DA:7,0
DA:8,0
DA:9,0
DA:10,0
DA:12,0
DA:14,0
DA:15,0
DA:16,0
DA:17,0
DA:18,0
DA:19,0
DA:22,0
DA:23,0
DA:25,0
DA:29,0
DA:32,0
DA:33,0
DA:34,0
DA:35,0
DA:36,0
DA:37,0
DA:38,0
DA:39,0
DA:41,0
DA:42,0
DA:44,0
DA:48,0
DA:49,0
DA:50,0
DA:51,0
DA:52,0
DA:53,0
DA:54,0
DA:55,0
DA:57,0
DA:58,0
DA:60,0
DA:64,0
DA:65,0
DA:66,0
DA:67,0
DA:68,0
DA:70,0
DA:72,0
DA:76,0
DA:77,0
DA:78,0
DA:79,0
DA:80,0
DA:81,0
DA:82,0
DA:84,0
DA:85,0
DA:87,0
DA:91,0
DA:109,0
DA:110,0
DA:111,0
DA:112,0
DA:114,0
LF:61
LH:0
BRDA:17,0,0,0
BRDA:17,0,1,0
BRDA:111,1,0,0
BRDA:111,1,1,0
BRF:4
BRH:0
end_of_record
TN:
SF:src/context/ContactContext.js
FN:6,(anonymous_0)
FN:11,(anonymous_1)
FN:25,(anonymous_2)
FN:30,(anonymous_3)
FN:40,(anonymous_4)
FN:45,(anonymous_5)
FN:46,(anonymous_6)
FN:59,(anonymous_7)
FN:64,(anonymous_8)
FN:65,(anonymous_9)
FN:92,(anonymous_10)
FNF:11
FNH:0
FNDA:0,(anonymous_0)
FNDA:0,(anonymous_1)
FNDA:0,(anonymous_2)
FNDA:0,(anonymous_3)
FNDA:0,(anonymous_4)
FNDA:0,(anonymous_5)
FNDA:0,(anonymous_6)
FNDA:0,(anonymous_7)
FNDA:0,(anonymous_8)
FNDA:0,(anonymous_9)
FNDA:0,(anonymous_10)
DA:4,0
DA:6,0
DA:7,0
DA:8,0
DA:9,0
DA:11,0
DA:12,0
DA:13,0
DA:14,0
DA:15,0
DA:16,0
DA:18,0
DA:19,0
DA:21,0
DA:25,0
DA:26,0
DA:27,0
DA:28,0
DA:29,0
DA:30,0
DA:31,0
DA:33,0
DA:34,0
DA:36,0
DA:40,0
DA:41,0
DA:42,0
DA:43,0
DA:44,0
DA:45,0
DA:46,0
DA:47,0
DA:50,0
DA:52,0
DA:53,0
DA:55,0
DA:59,0
DA:60,0
DA:61,0
DA:62,0
DA:63,0
DA:64,0
DA:65,0
DA:68,0
DA:69,0
DA:71,0
DA:75,0
DA:92,0
DA:93,0
DA:94,0
DA:95,0
DA:97,0
LF:52
LH:0
BRDA:47,0,0,0
BRDA:47,0,1,0
BRDA:94,1,0,0
BRDA:94,1,1,0
BRF:4
BRH:0
end_of_record
TN:
SF:src/navigation/AppNavigator.js
FN:22,(anonymous_0)
FN:83,(anonymous_1)
FNF:2
FNH:0
FNDA:0,(anonymous_0)
FNDA:0,(anonymous_1)
DA:20,0
DA:22,0
DA:23,0
DA:25,0
DA:83,0
LF:5
LH:0
BRDA:38,0,0,0
BRDA:38,0,1,0
BRDA:84,1,0,0
BRDA:84,1,1,0
BRF:4
BRH:0
end_of_record
TN:
SF:src/navigation/EmergencyNavigator.js
FN:12,(anonymous_0)
FN:29,(anonymous_1)
FN:31,(anonymous_2)
FN:34,(anonymous_3)
FNF:4
FNH:0
FNDA:0,(anonymous_0)
FNDA:0,(anonymous_1)
FNDA:0,(anonymous_2)
FNDA:0,(anonymous_3)
DA:10,0
DA:12,0
DA:13,0
DA:29,0
DA:32,0
DA:34,0
LF:6
LH:0
BRF:0
BRH:0
end_of_record
TN:
SF:src/screens/CommunityScreen.js
FN:38,(anonymous_0)
FN:49,(anonymous_1)
FN:50,(anonymous_2)
FN:98,(anonymous_3)
FN:110,(anonymous_4)
FN:117,(anonymous_5)
FN:120,(anonymous_6)
FN:137,(anonymous_7)
FN:148,(anonymous_8)
FN:149,(anonymous_9)
FN:153,(anonymous_10)
FN:162,(anonymous_11)
FN:163,(anonymous_12)
FN:166,(anonymous_13)
FNF:14
FNH:0
FNDA:0,(anonymous_0)
FNDA:0,(anonymous_1)
FNDA:0,(anonymous_2)
FNDA:0,(anonymous_3)
FNDA:0,(anonymous_4)
FNDA:0,(anonymous_5)
FNDA:0,(anonymous_6)
FNDA:0,(anonymous_7)
FNDA:0,(anonymous_8)
FNDA:0,(anonymous_9)
FNDA:0,(anonymous_10)
FNDA:0,(anonymous_11)
FNDA:0,(anonymous_12)
FNDA:0,(anonymous_13)
DA:15,0
DA:38,0
DA:39,0
DA:49,0
DA:50,0
DA:51,0
DA:53,0
DA:55,0
DA:57,0
DA:61,0
DA:98,0
DA:99,0
DA:100,0
DA:101,0
DA:103,0
DA:110,0
DA:111,0
DA:112,0
DA:114,0
DA:117,0
DA:118,0
DA:120,0
DA:123,0
DA:137,0
DA:148,0
DA:150,0
DA:153,0
DA:162,0
DA:164,0
DA:166,0
DA:178,0
LF:31
LH:0
BRDA:40,0,0,0
BRDA:40,0,1,0
BRDA:43,1,0,0
BRDA:43,1,1,0
BRDA:51,2,0,0
BRDA:51,2,1,0
BRDA:51,2,2,0
BRDA:111,3,0,0
BRDA:111,3,1,0
BRDA:112,4,0,0
BRDA:112,4,1,0
BRDA:114,5,0,0
BRDA:114,5,1,0
BRF:13
BRH:0
end_of_record
TN:
SF:src/screens/ContactFormScreen.js
FN:15,(anonymous_0)
FN:29,(anonymous_1)
FN:40,(anonymous_2)
FN:54,(anonymous_3)
FN:65,(anonymous_4)
FN:69,(anonymous_5)
FN:90,(anonymous_6)
FN:100,(anonymous_7)
FN:110,(anonymous_8)
FN:121,(anonymous_9)
FN:133,(anonymous_10)
FNF:11
FNH:0
FNDA:0,(anonymous_0)
FNDA:0,(anonymous_1)
FNDA:0,(anonymous_2)
FNDA:0,(anonymous_3)
FNDA:0,(anonymous_4)
FNDA:0,(anonymous_5)
FNDA:0,(anonymous_6)
FNDA:0,(anonymous_7)
FNDA:0,(anonymous_8)
FNDA:0,(anonymous_9)
FNDA:0,(anonymous_10)
DA:15,0
DA:16,0
DA:17,0
DA:18,0
DA:20,0
DA:29,0
DA:30,0
DA:31,0
DA:32,0
DA:35,0
DA:36,0
DA:39,0
DA:40,0
DA:41,0
DA:44,0
DA:47,0
DA:48,0
DA:50,0
DA:54,0
DA:55,0
DA:57,0
DA:66,0
DA:67,0
DA:68,0
DA:69,0
DA:71,0
DA:72,0
DA:74,0
DA:82,0
DA:90,0
DA:100,0
DA:110,0
DA:121,0
DA:133,0
DA:157,0
LF:35
LH:0
BRDA:21,0,0,0
BRDA:21,0,1,0
BRDA:22,1,0,0
BRDA:22,1,1,0
BRDA:23,2,0,0
BRDA:23,2,1,0
BRDA:24,3,0,0
BRDA:24,3,1,0
BRDA:25,4,0,0
BRDA:25,4,1,0
BRDA:26,5,0,0
BRDA:26,5,1,0
BRDA:30,6,0,0
BRDA:30,6,1,0
BRDA:30,7,0,0
BRDA:30,7,1,0
BRDA:39,8,0,0
BRDA:39,8,1,0
BRDA:41,9,0,0
BRDA:41,9,1,0
BRDA:55,10,0,0
BRDA:55,10,1,0
BRDA:142,11,0,0
BRDA:142,11,1,0
BRDA:146,12,0,0
BRDA:146,12,1,0
BRF:26
BRH:0
end_of_record
TN:
SF:src/screens/EmergencyFacilityFinder.js
FN:23,(anonymous_0)
FN:30,(anonymous_1)
FN:35,(anonymous_2)
FN:44,(anonymous_3)
FN:49,(anonymous_4)
FN:65,(anonymous_5)
FN:73,(anonymous_6)
FN:85,(anonymous_7)
FN:100,(anonymous_8)
FN:107,(anonymous_9)
FN:118,(anonymous_10)
FN:125,(anonymous_11)
FN:163,(anonymous_12)
FNF:13
FNH:0
FNDA:0,(anonymous_0)
FNDA:0,(anonymous_1)
FNDA:0,(anonymous_2)
FNDA:0,(anonymous_3)
FNDA:0,(anonymous_4)
FNDA:0,(anonymous_5)
FNDA:0,(anonymous_6)
FNDA:0,(anonymous_7)
FNDA:0,(anonymous_8)
FNDA:0,(anonymous_9)
FNDA:0,(anonymous_10)
FNDA:0,(anonymous_11)
FNDA:0,(anonymous_12)
DA:17,0
DA:23,0
DA:24,0
DA:25,0
DA:26,0
DA:27,0
DA:28,0
DA:30,0
DA:31,0
DA:32,0
DA:35,0
DA:36,0
DA:37,0
DA:38,0
DA:40,0
DA:44,0
DA:45,0
DA:46,0
DA:47,0
DA:48,0
DA:49,0
DA:58,0
DA:59,0
DA:61,0
DA:65,0
DA:66,0
DA:67,0
DA:69,0
DA:73,0
DA:74,0
DA:75,0
DA:76,0
DA:77,0
DA:82,0
DA:85,0
DA:86,0
DA:100,0
DA:107,0
DA:115,0
DA:119,0
DA:125,0
DA:163,0
DA:172,0
LF:43
LH:0
BRDA:66,0,0,0
BRDA:66,0,1,0
BRDA:90,1,0,0
BRDA:90,1,1,0
BRDA:91,2,0,0
BRDA:91,2,1,0
BRDA:92,3,0,0
BRDA:92,3,1,0
BRDA:97,4,0,0
BRDA:97,4,1,0
BRDA:123,5,0,0
BRDA:123,5,1,0
BRDA:130,6,0,0
BRDA:130,6,1,0
BRDA:147,7,0,0
BRDA:147,7,1,0
BRDA:149,8,0,0
BRDA:149,8,1,0
BRF:18
BRH:0
end_of_record
TN:
SF:src/screens/EmergencyScreen.js
FN:45,(anonymous_0)
FN:55,(anonymous_1)
FN:56,(anonymous_2)
FN:72,(anonymous_3)
FNF:4
FNH:0
FNDA:0,(anonymous_0)
FNDA:0,(anonymous_1)
FNDA:0,(anonymous_2)
FNDA:0,(anonymous_3)
DA:18,0
DA:45,0
DA:46,0
DA:47,0
DA:48,0
DA:49,0
DA:50,0
DA:52,0
DA:53,0
DA:55,0
DA:56,0
DA:57,0
DA:58,0
DA:59,0
DA:60,0
DA:63,0
DA:64,0
DA:65,0
DA:67,0
DA:72,0
DA:73,0
DA:74,0
DA:76,0
DA:85,0
DA:86,0
DA:92,0
DA:94,0
DA:98,0
DA:138,0
LF:29
LH:0
BRDA:52,0,0,0
BRDA:52,0,1,0
BRDA:58,1,0,0
BRDA:58,1,1,0
BRDA:82,2,0,0
BRDA:82,2,1,0
BRDA:109,3,0,0
BRDA:109,3,1,0
BRDA:120,4,0,0
BRDA:120,4,1,0
BRDA:127,5,0,0
BRDA:127,5,1,0
BRF:12
BRH:0
end_of_record
TN:
SF:src/screens/HomeScreen.js
FN:16,(anonymous_0)
FN:26,(anonymous_1)
FN:35,(anonymous_2)
FN:38,(anonymous_3)
FN:57,(anonymous_4)
FN:63,(anonymous_5)
FN:69,(anonymous_6)
FN:75,(anonymous_7)
FN:86,(anonymous_8)
FN:91,(anonymous_9)
FN:96,(anonymous_10)
FN:101,(anonymous_11)
FNF:12
FNH:0
FNDA:0,(anonymous_0)
FNDA:0,(anonymous_1)
FNDA:0,(anonymous_2)
FNDA:0,(anonymous_3)
FNDA:0,(anonymous_4)
FNDA:0,(anonymous_5)
FNDA:0,(anonymous_6)
FNDA:0,(anonymous_7)
FNDA:0,(anonymous_8)
FNDA:0,(anonymous_9)
FNDA:0,(anonymous_10)
FNDA:0,(anonymous_11)
DA:14,0
DA:16,0
DA:17,0
DA:26,0
DA:27,0
DA:35,0
DA:36,0
DA:38,0
DA:39,0
DA:42,0
DA:57,0
DA:63,0
DA:69,0
DA:75,0
DA:86,0
DA:91,0
DA:96,0
DA:101,0
DA:126,0
LF:19
LH:0
BRF:0
BRH:0
end_of_record
TN:
SF:src/screens/LocationSharing.js
FN:21,(anonymous_0)
FN:27,(anonymous_1)
FN:33,(anonymous_2)
FN:47,(anonymous_3)
FN:58,(anonymous_4)
FN:71,(anonymous_5)
FN:86,(anonymous_6)
FN:105,(anonymous_7)
FN:107,(anonymous_8)
FN:116,(anonymous_9)
FN:150,(anonymous_10)
FN:158,(anonymous_11)
FN:203,(anonymous_12)
FN:205,(anonymous_13)
FNF:14
FNH:0
FNDA:0,(anonymous_0)
FNDA:0,(anonymous_1)
FNDA:0,(anonymous_2)
FNDA:0,(anonymous_3)
FNDA:0,(anonymous_4)
FNDA:0,(anonymous_5)
FNDA:0,(anonymous_6)
FNDA:0,(anonymous_7)
FNDA:0,(anonymous_8)
FNDA:0,(anonymous_9)
FNDA:0,(anonymous_10)
FNDA:0,(anonymous_11)
FNDA:0,(anonymous_12)
FNDA:0,(anonymous_13)
DA:18,0
DA:19,0
DA:21,0
DA:22,0
DA:23,0
DA:24,0
DA:25,0
DA:27,0
DA:28,0
DA:29,0
DA:30,0
DA:33,0
DA:34,0
DA:35,0
DA:36,0
DA:43,0
DA:47,0
DA:48,0
DA:49,0
DA:50,0
DA:51,0
DA:54,0
DA:58,0
DA:59,0
DA:60,0
DA:61,0
DA:62,0
DA:63,0
DA:64,0
DA:67,0
DA:71,0
DA:72,0
DA:73,0
DA:74,0
DA:75,0
DA:76,0
DA:79,0
DA:83,0
DA:86,0
DA:87,0
DA:88,0
DA:94,0
DA:95,0
DA:96,0
DA:100,0
DA:101,0
DA:105,0
DA:106,0
DA:107,0
DA:108,0
DA:109,0
DA:111,0
DA:112,0
DA:116,0
DA:117,0
DA:118,0
DA:119,0
DA:120,0
DA:121,0
DA:124,0
DA:125,0
DA:126,0
DA:128,0
DA:134,0
DA:135,0
DA:139,0
DA:140,0
DA:145,0
DA:146,0
DA:150,0
DA:151,0
DA:158,0
DA:165,0
DA:203,0
DA:206,0
DA:225,0
LF:76
LH:0
BRDA:50,0,0,0
BRDA:50,0,1,0
BRDA:61,1,0,0
BRDA:61,1,1,0
BRDA:74,2,0,0
BRDA:74,2,1,0
BRDA:83,3,0,0
BRDA:83,3,1,0
BRDA:86,4,0,0
BRDA:86,4,1,0
BRDA:87,5,0,0
BRDA:87,5,1,0
BRDA:118,6,0,0
BRDA:118,6,1,0
BRDA:124,7,0,0
BRDA:124,7,1,0
BRDA:134,8,0,0
BRDA:134,8,1,0
BRDA:171,9,0,0
BRDA:171,9,1,0
BRDA:177,10,0,0
BRDA:177,10,1,0
BRDA:213,11,0,0
BRDA:213,11,1,0
BRF:24
BRH:0
end_of_record
TN:
SF:src/screens/NewPostScreen.js
FN:25,(anonymous_0)
FN:28,(anonymous_1)
FN:46,(anonymous_2)
FN:53,(anonymous_3)
FN:66,(anonymous_4)
FN:84,(anonymous_5)
FN:101,(anonymous_6)
FN:154,(anonymous_7)
FNF:8
FNH:0
FNDA:0,(anonymous_0)
FNDA:0,(anonymous_1)
FNDA:0,(anonymous_2)
FNDA:0,(anonymous_3)
FNDA:0,(anonymous_4)
FNDA:0,(anonymous_5)
FNDA:0,(anonymous_6)
FNDA:0,(anonymous_7)
DA:18,0
DA:25,0
DA:26,0
DA:28,0
DA:46,0
DA:47,0
DA:48,0
DA:49,0
DA:50,0
DA:51,0
DA:53,0
DA:54,0
DA:55,0
DA:56,0
DA:57,0
DA:58,0
DA:60,0
DA:62,0
DA:66,0
DA:67,0
DA:68,0
DA:69,0
DA:72,0
DA:74,0
DA:82,0
DA:83,0
DA:84,0
DA:87,0
DA:91,0
DA:102,0
DA:154,0
DA:167,0
LF:32
LH:0
BRDA:27,0,0,0
BRDA:27,0,1,0
BRDA:33,1,0,0
BRDA:33,1,1,0
BRDA:38,2,0,0
BRDA:38,2,1,0
BRDA:67,3,0,0
BRDA:67,3,1,0
BRDA:67,4,0,0
BRDA:67,4,1,0
BRDA:67,4,2,0
BRDA:94,5,0,0
BRDA:94,5,1,0
BRDA:142,6,0,0
BRDA:142,6,1,0
BRDA:144,7,0,0
BRDA:144,7,1,0
BRF:17
BRH:0
end_of_record
TN:
SF:src/screens/OfflineMapViewer.js
FN:16,(anonymous_0)
FN:23,(anonymous_1)
FN:29,(anonymous_2)
FN:30,(anonymous_3)
FN:35,(anonymous_4)
FN:49,(anonymous_5)
FN:58,(anonymous_6)
FN:109,(anonymous_7)
FN:121,(anonymous_8)
FNF:9
FNH:0
FNDA:0,(anonymous_0)
FNDA:0,(anonymous_1)
FNDA:0,(anonymous_2)
FNDA:0,(anonymous_3)
FNDA:0,(anonymous_4)
FNDA:0,(anonymous_5)
FNDA:0,(anonymous_6)
FNDA:0,(anonymous_7)
FNDA:0,(anonymous_8)
DA:16,0
DA:17,0
DA:18,0
DA:19,0
DA:20,0
DA:21,0
DA:23,0
DA:24,0
DA:25,0
DA:26,0
DA:29,0
DA:30,0
DA:31,0
DA:35,0
DA:36,0
DA:37,0
DA:38,0
DA:45,0
DA:49,0
DA:50,0
DA:51,0
DA:52,0
DA:54,0
DA:58,0
DA:59,0
DA:60,0
DA:64,0
DA:67,0
DA:68,0
DA:72,0
DA:75,0
DA:76,0
DA:77,0
DA:80,0
DA:87,0
DA:88,0
DA:93,0
DA:94,0
DA:99,0
DA:100,0
DA:105,0
DA:109,0
DA:110,0
DA:122,0
DA:123,0
DA:124,0
DA:125,0
DA:127,0
DA:128,0
DA:136,0
DA:203,0
LF:51
LH:0
BRDA:59,0,0,0
BRDA:59,0,1,0
BRDA:67,1,0,0
BRDA:67,1,1,0
BRDA:141,2,0,0
BRDA:141,2,1,0
BRDA:143,3,0,0
BRDA:143,3,1,0
BRDA:146,4,0,0
BRDA:146,4,1,0
BRDA:151,5,0,0
BRDA:151,5,1,0
BRDA:153,6,0,0
BRDA:153,6,1,0
BRDA:156,7,0,0
BRDA:156,7,1,0
BRDA:169,8,0,0
BRDA:169,8,1,0
BRDA:187,9,0,0
BRDA:187,9,1,0
BRF:20
BRH:0
end_of_record
TN:
SF:src/screens/ProfileScreen.js
FN:21,(anonymous_0)
FN:39,(anonymous_1)
FN:44,(anonymous_2)
FN:47,(anonymous_3)
FN:49,(anonymous_4)
FN:55,(anonymous_5)
FN:90,(anonymous_6)
FN:106,(anonymous_7)
FN:136,(anonymous_8)
FN:146,(anonymous_9)
FN:155,(anonymous_10)
FN:204,(anonymous_11)
FN:210,(anonymous_12)
FN:216,(anonymous_13)
FNF:14
FNH:0
FNDA:0,(anonymous_0)
FNDA:0,(anonymous_1)
FNDA:0,(anonymous_2)
FNDA:0,(anonymous_3)
FNDA:0,(anonymous_4)
FNDA:0,(anonymous_5)
FNDA:0,(anonymous_6)
FNDA:0,(anonymous_7)
FNDA:0,(anonymous_8)
FNDA:0,(anonymous_9)
FNDA:0,(anonymous_10)
FNDA:0,(anonymous_11)
FNDA:0,(anonymous_12)
FNDA:0,(anonymous_13)
DA:21,0
DA:22,0
DA:23,0
DA:24,0
DA:30,0
DA:37,0
DA:39,0
DA:40,0
DA:41,0
DA:44,0
DA:45,0
DA:46,0
DA:47,0
DA:48,0
DA:49,0
DA:55,0
DA:56,0
DA:57,0
DA:58,0
DA:59,0
DA:60,0
DA:61,0
DA:64,0
DA:69,0
DA:70,0
DA:71,0
DA:77,0
DA:80,0
DA:81,0
DA:83,0
DA:84,0
DA:86,0
DA:90,0
DA:91,0
DA:92,0
DA:93,0
DA:97,0
DA:99,0
DA:100,0
DA:102,0
DA:106,0
DA:107,0
DA:108,0
DA:115,0
DA:116,0
DA:117,0
DA:118,0
DA:121,0
DA:122,0
DA:125,0
DA:128,0
DA:131,0
DA:136,0
DA:137,0
DA:140,0
DA:141,0
DA:142,0
DA:146,0
DA:147,0
DA:148,0
DA:149,0
DA:155,0
DA:156,0
DA:170,0
DA:171,0
DA:178,0
DA:204,0
DA:210,0
DA:216,0
DA:227,0
LF:70
LH:0
BRDA:46,0,0,0
BRDA:46,0,1,0
BRDA:48,1,0,0
BRDA:48,1,1,0
BRDA:59,2,0,0
BRDA:59,2,1,0
BRDA:69,3,0,0
BRDA:69,3,1,0
BRDA:72,4,0,0
BRDA:72,4,1,0
BRDA:73,5,0,0
BRDA:73,5,1,0
BRDA:74,6,0,0
BRDA:74,6,1,0
BRDA:75,7,0,0
BRDA:75,7,1,0
BRDA:77,8,0,0
BRDA:77,8,1,0
BRDA:115,9,0,0
BRDA:115,9,1,0
BRDA:165,10,0,0
BRDA:165,10,1,0
BRDA:170,11,0,0
BRDA:170,11,1,0
BRDA:184,12,0,0
BRDA:184,12,1,0
BRF:26
BRH:0
end_of_record
TN:
SF:src/screens/ResourceDetailScreen.js
FN:125,(anonymous_0)
FN:152,(anonymous_1)
FN:155,(anonymous_2)
FN:171,(anonymous_3)
FNF:4
FNH:0
FNDA:0,(anonymous_0)
FNDA:0,(anonymous_1)
FNDA:0,(anonymous_2)
FNDA:0,(anonymous_3)
DA:14,0
DA:125,0
DA:126,0
DA:127,0
DA:129,0
DA:130,0
DA:137,0
DA:153,0
DA:156,0
DA:173,0
DA:184,0
LF:11
LH:0
BRDA:129,0,0,0
BRDA:129,0,1,0
BRF:2
BRH:0
end_of_record
TN:
SF:src/screens/ResourcesScreen.js
FN:50,(anonymous_0)
FN:63,(anonymous_1)
FN:66,(anonymous_2)
FN:72,(anonymous_3)
FN:89,(anonymous_4)
FN:96,(anonymous_5)
FN:99,(anonymous_6)
FN:110,(anonymous_7)
FN:116,(anonymous_8)
FN:125,(anonymous_9)
FN:146,(anonymous_10)
FNF:11
FNH:0
FNDA:0,(anonymous_0)
FNDA:0,(anonymous_1)
FNDA:0,(anonymous_2)
FNDA:0,(anonymous_3)
FNDA:0,(anonymous_4)
FNDA:0,(anonymous_5)
FNDA:0,(anonymous_6)
FNDA:0,(anonymous_7)
FNDA:0,(anonymous_8)
FNDA:0,(anonymous_9)
FNDA:0,(anonymous_10)
DA:16,0
DA:43,0
DA:50,0
DA:51,0
DA:63,0
DA:64,0
DA:67,0
DA:72,0
DA:89,0
DA:90,0
DA:96,0
DA:97,0
DA:99,0
DA:101,0
DA:104,0
DA:111,0
DA:116,0
DA:126,0
DA:148,0
DA:165,0
LF:20
LH:0
BRF:0
BRH:0
end_of_record
TN:
SF:src/screens/auth/LoginScreen.js
FN:18,(anonymous_0)
FN:24,(anonymous_1)
FN:49,(anonymous_2)
FN:115,(anonymous_3)
FN:147,(anonymous_4)
FNF:5
FNH:0
FNDA:0,(anonymous_0)
FNDA:0,(anonymous_1)
FNDA:0,(anonymous_2)
FNDA:0,(anonymous_3)
FNDA:0,(anonymous_4)
DA:18,0
DA:19,0
DA:20,0
DA:21,0
DA:22,0
DA:24,0
DA:25,0
DA:26,0
DA:27,0
DA:30,0
DA:31,0
DA:32,0
DA:35,0
DA:36,0
DA:45,0
DA:49,0
DA:50,0
DA:51,0
DA:52,0
DA:55,0
DA:56,0
DA:57,0
DA:58,0
DA:63,0
DA:64,0
DA:66,0
DA:70,0
DA:115,0
DA:147,0
DA:158,0
LF:30
LH:0
BRDA:25,0,0,0
BRDA:25,0,1,0
BRDA:25,1,0,0
BRDA:25,1,1,0
BRDA:38,2,0,0
BRDA:38,2,1,0
BRDA:40,3,0,0
BRDA:40,3,1,0
BRDA:50,4,0,0
BRDA:50,4,1,0
BRDA:73,5,0,0
BRDA:73,5,1,0
BRDA:118,6,0,0
BRDA:118,6,1,0
BRDA:134,7,0,0
BRDA:134,7,1,0
BRDA:138,8,0,0
BRDA:138,8,1,0
BRF:18
BRH:0
end_of_record
TN:
SF:src/screens/auth/RegisterScreen.js
FN:18,(anonymous_0)
FN:29,(anonymous_1)
FN:93,(anonymous_2)
FN:109,(anonymous_3)
FN:127,(anonymous_4)
FN:144,(anonymous_5)
FN:153,(anonymous_6)
FN:171,(anonymous_7)
FN:195,(anonymous_8)
FNF:9
FNH:0
FNDA:0,(anonymous_0)
FNDA:0,(anonymous_1)
FNDA:0,(anonymous_2)
FNDA:0,(anonymous_3)
FNDA:0,(anonymous_4)
FNDA:0,(anonymous_5)
FNDA:0,(anonymous_6)
FNDA:0,(anonymous_7)
FNDA:0,(anonymous_8)
DA:18,0
DA:19,0
DA:26,0
DA:27,0
DA:29,0
DA:31,0
DA:32,0
DA:33,0
DA:36,0
DA:37,0
DA:38,0
DA:41,0
DA:42,0
DA:43,0
DA:46,0
DA:47,0
DA:48,0
DA:54,0
DA:57,0
DA:58,0
DA:67,0
DA:71,0
DA:94,0
DA:110,0
DA:128,0
DA:145,0
DA:153,0
DA:172,0
DA:195,0
DA:206,0
LF:30
LH:0
BRDA:31,0,0,0
BRDA:31,0,1,0
BRDA:31,1,0,0
BRDA:31,1,1,0
BRDA:31,1,2,0
BRDA:31,1,3,0
BRDA:36,2,0,0
BRDA:36,2,1,0
BRDA:41,3,0,0
BRDA:41,3,1,0
BRDA:60,4,0,0
BRDA:60,4,1,0
BRDA:62,5,0,0
BRDA:62,5,1,0
BRDA:74,6,0,0
BRDA:74,6,1,0
BRDA:156,7,0,0
BRDA:156,7,1,0
BRDA:182,8,0,0
BRDA:182,8,1,0
BRDA:186,9,0,0
BRDA:186,9,1,0
BRF:22
BRH:0
end_of_record
TN:
SF:src/services/api.js
FN:7,(anonymous_0)
FN:16,(anonymous_1)
FN:24,(anonymous_2)
FN:38,(anonymous_3)
FN:52,(anonymous_4)
FN:53,(anonymous_5)
FN:62,(anonymous_6)
FN:63,(anonymous_7)
FN:72,(anonymous_8)
FN:73,(anonymous_9)
FN:81,(anonymous_10)
FN:93,(anonymous_11)
FN:112,(anonymous_12)
FN:121,(anonymous_13)
FN:126,(anonymous_14)
FN:129,(anonymous_15)
FN:136,(anonymous_16)
FN:146,(anonymous_17)
FN:164,(anonymous_18)
FN:174,(anonymous_19)
FN:185,(anonymous_20)
FN:196,(anonymous_21)
FN:207,(anonymous_22)
FN:226,(anonymous_23)
FN:235,(anonymous_24)
FN:245,(anonymous_25)
FN:263,(anonymous_26)
FN:272,(anonymous_27)
FN:282,(anonymous_28)
FN:299,(anonymous_29)
FNF:30
FNH:0
FNDA:0,(anonymous_0)
FNDA:0,(anonymous_1)
FNDA:0,(anonymous_2)
FNDA:0,(anonymous_3)
FNDA:0,(anonymous_4)
FNDA:0,(anonymous_5)
FNDA:0,(anonymous_6)
FNDA:0,(anonymous_7)
FNDA:0,(anonymous_8)
FNDA:0,(anonymous_9)
FNDA:0,(anonymous_10)
FNDA:0,(anonymous_11)
FNDA:0,(anonymous_12)
FNDA:0,(anonymous_13)
FNDA:0,(anonymous_14)
FNDA:0,(anonymous_15)
FNDA:0,(anonymous_16)
FNDA:0,(anonymous_17)
FNDA:0,(anonymous_18)
FNDA:0,(anonymous_19)
FNDA:0,(anonymous_20)
FNDA:0,(anonymous_21)
FNDA:0,(anonymous_22)
FNDA:0,(anonymous_23)
FNDA:0,(anonymous_24)
FNDA:0,(anonymous_25)
FNDA:0,(anonymous_26)
FNDA:0,(anonymous_27)
FNDA:0,(anonymous_28)
FNDA:0,(anonymous_29)
DA:5,0
DA:7,0
DA:8,0
DA:9,0
DA:17,0
DA:18,0
DA:19,0
DA:20,0
DA:24,0
DA:25,0
DA:27,0
DA:28,0
DA:35,0
DA:38,0
DA:39,0
DA:40,0
DA:41,0
DA:43,0
DA:44,0
DA:46,0
DA:50,0
DA:53,0
DA:54,0
DA:63,0
DA:64,0
DA:73,0
DA:74,0
DA:82,0
DA:83,0
DA:85,0
DA:86,0
DA:92,0
DA:94,0
DA:99,0
DA:100,0
DA:105,0
DA:112,0
DA:113,0
DA:122,0
DA:124,0
DA:125,0
DA:126,0
DA:129,0
DA:130,0
DA:137,0
DA:139,0
DA:140,0
DA:145,0
DA:147,0
DA:152,0
DA:153,0
DA:158,0
DA:164,0
DA:165,0
DA:175,0
DA:177,0
DA:178,0
DA:179,0
DA:180,0
DA:182,0
DA:185,0
DA:186,0
DA:192,0
DA:193,0
DA:197,0
DA:198,0
DA:200,0
DA:201,0
DA:206,0
DA:208,0
DA:213,0
DA:214,0
DA:219,0
DA:226,0
DA:227,0
DA:236,0
DA:238,0
DA:239,0
DA:244,0
DA:246,0
DA:251,0
DA:252,0
DA:257,0
DA:263,0
DA:264,0
DA:273,0
DA:275,0
DA:276,0
DA:281,0
DA:283,0
DA:287,0
DA:288,0
DA:293,0
DA:299,0
DA:300,0
LF:95
LH:0
BRDA:11,0,0,0
BRDA:11,0,1,0
BRDA:27,1,0,0
BRDA:27,1,1,0
BRDA:29,2,0,0
BRDA:29,2,1,0
BRDA:43,3,0,0
BRDA:43,3,1,0
BRDA:85,4,0,0
BRDA:85,4,1,0
BRDA:124,5,0,0
BRDA:124,5,1,0
BRDA:139,6,0,0
BRDA:139,6,1,0
BRDA:177,7,0,0
BRDA:177,7,1,0
BRDA:179,8,0,0
BRDA:179,8,1,0
BRDA:200,9,0,0
BRDA:200,9,1,0
BRDA:238,10,0,0
BRDA:238,10,1,0
BRDA:275,11,0,0
BRDA:275,11,1,0
BRF:24
BRH:0
end_of_record
TN:
SF:src/services/emergencyLocationService.js
FN:15,(anonymous_0)
FN:43,(anonymous_1)
FN:67,(anonymous_2)
FN:90,(anonymous_3)
FN:113,(anonymous_4)
FNF:5
FNH:0
FNDA:0,(anonymous_0)
FNDA:0,(anonymous_1)
FNDA:0,(anonymous_2)
FNDA:0,(anonymous_3)
FNDA:0,(anonymous_4)
DA:4,0
DA:5,0
DA:6,0
DA:8,0
DA:16,0
DA:17,0
DA:18,0
DA:19,0
DA:22,0
DA:27,0
DA:32,0
DA:35,0
DA:36,0
DA:37,0
DA:39,0
DA:44,0
DA:45,0
DA:46,0
DA:49,0
DA:50,0
DA:51,0
DA:52,0
DA:53,0
DA:58,0
DA:62,0
DA:63,0
DA:66,0
DA:67,0
DA:78,0
DA:83,0
DA:85,0
DA:86,0
DA:91,0
DA:92,0
DA:93,0
DA:94,0
DA:98,0
DA:108,0
DA:109,0
DA:114,0
DA:115,0
DA:117,0
DA:118,0
LF:43
LH:0
BRDA:18,0,0,0
BRDA:18,0,1,0
BRDA:36,1,0,0
BRDA:36,1,1,0
BRDA:43,2,0,0
BRDA:50,3,0,0
BRDA:50,3,1,0
BRDA:52,4,0,0
BRDA:52,4,1,0
BRDA:62,5,0,0
BRDA:62,5,1,0
BRDA:93,6,0,0
BRDA:93,6,1,0
BRF:13
BRH:0
end_of_record
TN:
SF:src/services/offlineStorageService.js
FN:11,(anonymous_0)
FN:24,(anonymous_1)
FN:36,(anonymous_2)
FN:46,(anonymous_3)
FN:58,(anonymous_4)
FN:68,(anonymous_5)
FN:90,(anonymous_6)
FN:96,(anonymous_7)
FN:112,(anonymous_8)
FN:115,(anonymous_9)
FN:125,(anonymous_10)
FN:133,(anonymous_11)
FN:148,(anonymous_12)
FNF:13
FNH:0
FNDA:0,(anonymous_0)
FNDA:0,(anonymous_1)
FNDA:0,(anonymous_2)
FNDA:0,(anonymous_3)
FNDA:0,(anonymous_4)
FNDA:0,(anonymous_5)
FNDA:0,(anonymous_6)
FNDA:0,(anonymous_7)
FNDA:0,(anonymous_8)
FNDA:0,(anonymous_9)
FNDA:0,(anonymous_10)
FNDA:0,(anonymous_11)
FNDA:0,(anonymous_12)
DA:5,0
DA:6,0
DA:7,0
DA:8,0
DA:12,0
DA:14,0
DA:15,0
DA:16,0
DA:19,0
DA:20,0
DA:25,0
DA:26,0
DA:31,0
DA:32,0
DA:37,0
DA:38,0
DA:39,0
DA:41,0
DA:42,0
DA:47,0
DA:48,0
DA:53,0
DA:54,0
DA:59,0
DA:60,0
DA:61,0
DA:63,0
DA:64,0
DA:69,0
DA:70,0
DA:71,0
DA:74,0
DA:75,0
DA:76,0
DA:80,0
DA:81,0
DA:83,0
DA:85,0
DA:86,0
DA:91,0
DA:92,0
DA:93,0
DA:96,0
DA:98,0
DA:100,0
DA:101,0
DA:102,0
DA:103,0
DA:104,0
DA:110,0
DA:111,0
DA:112,0
DA:113,0
DA:115,0
DA:118,0
DA:120,0
DA:121,0
DA:126,0
DA:127,0
DA:128,0
DA:130,0
DA:134,0
DA:135,0
DA:136,0
DA:141,0
DA:143,0
DA:144,0
DA:149,0
DA:150,0
DA:151,0
DA:153,0
DA:154,0
LF:72
LH:0
BRDA:15,0,0,0
BRDA:15,0,1,0
BRDA:39,1,0,0
BRDA:39,1,1,0
BRDA:61,2,0,0
BRDA:61,2,1,0
BRDA:75,3,0,0
BRDA:75,3,1,0
BRF:8
BRH:0
end_of_record
TN:
SF:src/utils/auth.js
FN:5,(anonymous_0)
FN:25,(anonymous_1)
FN:45,(anonymous_2)
FN:66,(anonymous_3)
FN:86,(anonymous_4)
FNF:5
FNH:0
FNDA:0,(anonymous_0)
FNDA:0,(anonymous_1)
FNDA:0,(anonymous_2)
FNDA:0,(anonymous_3)
FNDA:0,(anonymous_4)
DA:4,0
DA:6,0
DA:7,0
DA:15,0
DA:16,0
DA:18,0
DA:19,0
DA:21,0
DA:26,0
DA:27,0
DA:35,0
DA:36,0
DA:38,0
DA:39,0
DA:41,0
DA:46,0
DA:47,0
DA:48,0
DA:57,0
DA:58,0
DA:60,0
DA:62,0
DA:67,0
DA:68,0
DA:69,0
DA:71,0
DA:77,0
DA:78,0
DA:80,0
DA:82,0
DA:87,0
DA:88,0
DA:90,0
LF:33
LH:0
BRDA:16,0,0,0
BRDA:16,0,1,0
BRDA:36,1,0,0
BRDA:36,1,1,0
BRDA:58,2,0,0
BRDA:58,2,1,0
BRDA:69,3,0,0
BRDA:69,3,1,0
BRDA:78,4,0,0
BRDA:78,4,1,0
BRF:10
BRH:0
end_of_record
TN:
SF:src/utils/contactVerification.js
FN:5,(anonymous_0)
FN:27,(anonymous_1)
FN:49,(anonymous_2)
FNF:3
FNH:0
FNDA:0,(anonymous_0)
FNDA:0,(anonymous_1)
FNDA:0,(anonymous_2)
DA:4,0
DA:6,0
DA:7,0
DA:8,0
DA:17,0
DA:18,0
DA:20,0
DA:22,0
DA:23,0
DA:28,0
DA:29,0
DA:30,0
DA:39,0
DA:40,0
DA:42,0
DA:44,0
DA:45,0
DA:50,0
DA:51,0
DA:52,0
DA:61,0
DA:62,0
DA:64,0
DA:66,0
DA:67,0
LF:25
LH:0
BRDA:18,0,0,0
BRDA:18,0,1,0
BRDA:40,1,0,0
BRDA:40,1,1,0
BRDA:62,2,0,0
BRDA:62,2,1,0
BRF:6
BRH:0
end_of_record
TN:
SF:src/utils/errorTracking.js
FN:3,(anonymous_0)
FN:14,(anonymous_1)
FN:23,(anonymous_2)
FNF:3
FNH:0
FNDA:0,(anonymous_0)
FNDA:0,(anonymous_1)
FNDA:0,(anonymous_2)
DA:3,0
DA:4,0
DA:14,0
DA:15,0
DA:16,0
DA:18,0
DA:23,0
DA:24,0
LF:8
LH:0
BRDA:14,0,0,0
BRDA:15,1,0,0
BRDA:15,1,1,0
BRDA:23,2,0,0
BRF:4
BRH:0
end_of_record
TN:
SF:src/utils/location.js
FN:3,(anonymous_0)
FN:25,(anonymous_1)
FN:56,(anonymous_2)
FN:79,(anonymous_3)
FN:94,(anonymous_4)
FNF:5
FNH:0
FNDA:0,(anonymous_0)
FNDA:0,(anonymous_1)
FNDA:0,(anonymous_2)
FNDA:0,(anonymous_3)
FNDA:0,(anonymous_4)
DA:3,0
DA:4,0
DA:5,0
DA:6,0
DA:7,0
DA:10,0
DA:14,0
DA:21,0
DA:25,0
DA:26,0
DA:27,0
DA:32,0
DA:33,0
DA:36,0
DA:52,0
DA:56,0
DA:57,0
DA:58,0
DA:59,0
DA:60,0
DA:63,0
DA:72,0
DA:74,0
DA:75,0
DA:79,0
DA:80,0
DA:81,0
DA:82,0
DA:84,0
DA:89,0
DA:90,0
DA:91,0
DA:94,0
DA:95,0
LF:34
LH:0
BRDA:6,0,0,0
BRDA:6,0,1,0
BRDA:32,1,0,0
BRDA:32,1,1,0
BRDA:59,2,0,0
BRDA:59,2,1,0
BRF:6
BRH:0
end_of_record
TN:
SF:src/utils/networkManager.js
FN:9,(anonymous_0)
FN:16,(anonymous_1)
FN:20,(anonymous_2)
FN:21,(anonymous_3)
FN:27,(anonymous_4)
FN:29,(anonymous_5)
FN:30,(anonymous_6)
FN:34,(anonymous_7)
FN:35,(anonymous_8)
FN:38,(anonymous_9)
FN:45,(anonymous_10)
FN:62,(anonymous_11)
FN:72,(anonymous_12)
FN:75,(anonymous_13)
FN:98,(anonymous_14)
FN:113,(anonymous_15)
FNF:16
FNH:0
FNDA:0,(anonymous_0)
FNDA:0,(anonymous_1)
FNDA:0,(anonymous_2)
FNDA:0,(anonymous_3)
FNDA:0,(anonymous_4)
FNDA:0,(anonymous_5)
FNDA:0,(anonymous_6)
FNDA:0,(anonymous_7)
FNDA:0,(anonymous_8)
FNDA:0,(anonymous_9)
FNDA:0,(anonymous_10)
FNDA:0,(anonymous_11)
FNDA:0,(anonymous_12)
FNDA:0,(anonymous_13)
FNDA:0,(anonymous_14)
FNDA:0,(anonymous_15)
DA:5,0
DA:6,0
DA:7,0
DA:10,0
DA:11,0
DA:13,0
DA:17,0
DA:21,0
DA:22,0
DA:23,0
DA:28,0
DA:29,0
DA:30,0
DA:35,0
DA:39,0
DA:40,0
DA:44,0
DA:46,0
DA:47,0
DA:48,0
DA:53,0
DA:58,0
DA:63,0
DA:64,0
DA:65,0
DA:67,0
DA:68,0
DA:73,0
DA:74,0
DA:75,0
DA:76,0
DA:78,0
DA:79,0
DA:80,0
DA:81,0
DA:82,0
DA:83,0
DA:91,0
DA:93,0
DA:94,0
DA:99,0
DA:100,0
DA:101,0
DA:102,0
DA:103,0
DA:109,0
DA:114,0
DA:115,0
DA:117,0
LF:49
LH:0
BRDA:10,0,0,0
BRDA:10,0,1,0
BRDA:65,1,0,0
BRDA:65,1,1,0
BRDA:80,2,0,0
BRDA:80,2,1,0
BRDA:82,3,0,0
BRDA:82,3,1,0
BRDA:101,4,0,0
BRDA:101,4,1,0
BRF:10
BRH:0
end_of_record
TN:
SF:src/utils/notificationService.js
FN:33,(anonymous_0)
FN:37,(anonymous_1)
FN:65,(anonymous_2)
FN:66,(anonymous_3)
FN:79,(anonymous_4)
FN:88,(anonymous_5)
FN:100,(anonymous_6)
FN:122,(anonymous_7)
FN:145,(anonymous_8)
FN:149,(anonymous_9)
FN:164,(anonymous_10)
FN:185,(anonymous_11)
FN:196,(anonymous_12)
FN:207,(anonymous_13)
FN:232,(anonymous_14)
FN:250,(anonymous_15)
FNF:16
FNH:0
FNDA:0,(anonymous_0)
FNDA:0,(anonymous_1)
FNDA:0,(anonymous_2)
FNDA:0,(anonymous_3)
FNDA:0,(anonymous_4)
FNDA:0,(anonymous_5)
FNDA:0,(anonymous_6)
FNDA:0,(anonymous_7)
FNDA:0,(anonymous_8)
FNDA:0,(anonymous_9)
FNDA:0,(anonymous_10)
FNDA:0,(anonymous_11)
FNDA:0,(anonymous_12)
FNDA:0,(anonymous_13)
FNDA:0,(anonymous_14)
FNDA:0,(anonymous_15)
DA:8,0
DA:34,0
DA:39,0
DA:40,0
DA:44,0
DA:57,0
DA:58,0
DA:60,0
DA:61,0
DA:66,0
DA:67,0
DA:80,0
DA:82,0
DA:85,0
DA:89,0
DA:90,0
DA:91,0
DA:92,0
DA:93,0
DA:96,0
DA:101,0
DA:102,0
DA:103,0
DA:105,0
DA:115,0
DA:118,0
DA:123,0
DA:125,0
DA:126,0
DA:129,0
DA:130,0
DA:131,0
DA:136,0
DA:137,0
DA:141,0
DA:146,0
DA:151,0
DA:152,0
DA:156,0
DA:157,0
DA:161,0
DA:165,0
DA:166,0
DA:168,0
DA:186,0
DA:188,0
DA:190,0
DA:192,0
DA:198,0
DA:199,0
DA:202,0
DA:208,0
DA:209,0
DA:210,0
DA:211,0
DA:220,0
DA:226,0
DA:227,0
DA:233,0
DA:234,0
DA:235,0
DA:236,0
DA:241,0
DA:243,0
DA:245,0
DA:246,0
DA:251,0
LF:67
LH:0
BRDA:39,0,0,0
BRDA:39,0,1,0
BRDA:58,1,0,0
BRDA:58,1,1,0
BRDA:82,2,0,0
BRDA:82,2,1,0
BRDA:91,3,0,0
BRDA:91,3,1,0
BRDA:103,4,0,0
BRDA:103,4,1,0
BRDA:130,5,0,0
BRDA:130,5,1,0
BRDA:136,6,0,0
BRDA:136,6,1,0
BRDA:151,7,0,0
BRDA:151,7,1,0
BRDA:156,8,0,0
BRDA:156,8,1,0
BRDA:186,9,0,0
BRDA:186,9,1,0
BRDA:186,9,2,0
BRDA:199,10,0,0
BRDA:199,10,1,0
BRDA:210,11,0,0
BRDA:210,11,1,0
BRDA:235,12,0,0
BRDA:235,12,1,0
BRDA:241,13,0,0
BRDA:241,13,1,0
BRF:29
BRH:0
end_of_record
TN:
SF:src/utils/notifications.js
FN:7,(anonymous_0)
FN:15,(anonymous_1)
FN:55,(anonymous_2)
FN:76,(anonymous_3)
FN:88,(anonymous_4)
FN:93,(anonymous_5)
FN:98,(anonymous_6)
FN:103,(anonymous_7)
FNF:8
FNH:0
FNDA:0,(anonymous_0)
FNDA:0,(anonymous_1)
FNDA:0,(anonymous_2)
FNDA:0,(anonymous_3)
FNDA:0,(anonymous_4)
FNDA:0,(anonymous_5)
FNDA:0,(anonymous_6)
FNDA:0,(anonymous_7)
DA:6,0
DA:7,0
DA:14,0
DA:16,0
DA:19,0
DA:20,0
DA:21,0
DA:24,0
DA:25,0
DA:27,0
DA:28,0
DA:29,0
DA:32,0
DA:33,0
DA:36,0
DA:37,0
DA:39,0
DA:40,0
DA:48,0
DA:50,0
DA:51,0
DA:56,0
DA:57,0
DA:58,0
DA:67,0
DA:68,0
DA:71,0
DA:72,0
DA:77,0
DA:89,0
DA:94,0
DA:99,0
DA:104,0
DA:121,0
LF:34
LH:0
BRDA:19,0,0,0
BRDA:19,0,1,0
BRDA:27,1,0,0
BRDA:27,1,1,0
BRDA:32,2,0,0
BRDA:32,2,1,0
BRDA:39,3,0,0
BRDA:39,3,1,0
BRDA:67,4,0,0
BRDA:67,4,1,0
BRDA:76,5,0,0
BRDA:84,6,0,0
BRDA:84,6,1,0
BRF:13
BRH:0
end_of_record
TN:
SF:src/utils/phoneAuth.js
FN:6,(anonymous_0)
FN:17,(anonymous_1)
FN:38,(anonymous_2)
FN:49,(anonymous_3)
FNF:4
FNH:0
FNDA:0,(anonymous_0)
FNDA:0,(anonymous_1)
FNDA:0,(anonymous_2)
FNDA:0,(anonymous_3)
DA:4,0
DA:7,0
DA:8,0
DA:9,0
DA:11,0
DA:12,0
DA:18,0
DA:19,0
DA:22,0
DA:23,0
DA:30,0
DA:32,0
DA:33,0
DA:39,0
DA:40,0
DA:41,0
DA:43,0
DA:44,0
DA:50,0
DA:51,0
DA:55,0
DA:58,0
DA:62,0
DA:64,0
DA:65,0
LF:25
LH:0
BRDA:22,0,0,0
BRDA:22,0,1,0
BRF:2
BRH:0
end_of_record
TN:
SF:src/utils/retryMechanism.js
FN:8,(anonymous_0)
FN:36,(anonymous_1)
FN:50,(anonymous_2)
FN:57,(anonymous_3)
FN:83,(anonymous_4)
FNF:5
FNH:0
FNDA:0,(anonymous_0)
FNDA:0,(anonymous_1)
FNDA:0,(anonymous_2)
FNDA:0,(anonymous_3)
FNDA:0,(anonymous_4)
DA:1,0
DA:8,0
DA:12,0
DA:17,0
DA:18,0
DA:20,0
DA:21,0
DA:22,0
DA:24,0
DA:27,0
DA:28,0
DA:31,0
DA:32,0
DA:36,0
DA:39,0
DA:43,0
DA:46,0
DA:51,0
DA:52,0
DA:53,0
DA:58,0
DA:59,0
DA:62,0
DA:64,0
DA:65,0
DA:67,0
DA:68,0
DA:69,0
DA:71,0
DA:73,0
DA:74,0
DA:75,0
DA:78,0
DA:83,0
DA:86,0
LF:35
LH:0
BRDA:10,0,0,0
BRDA:27,1,0,0
BRDA:27,1,1,0
BRDA:27,2,0,0
BRDA:27,2,1,0
BRDA:31,3,0,0
BRDA:31,3,1,0
BRDA:52,4,0,0
BRDA:52,4,1,0
BRDA:58,5,0,0
BRDA:58,5,1,0
BRDA:58,6,0,0
BRDA:58,6,1,0
BRDA:73,7,0,0
BRDA:73,7,1,0
BRF:15
BRH:0
end_of_record
TN:
SF:src/utils/socialAuth.js
FN:16,(anonymous_0)
FN:23,(anonymous_1)
FN:55,(anonymous_2)
FN:61,(anonymous_3)
FNF:4
FNH:0
FNDA:0,(anonymous_0)
FNDA:0,(anonymous_1)
FNDA:0,(anonymous_2)
FNDA:0,(anonymous_3)
DA:8,0
DA:11,0
DA:12,0
DA:14,0
DA:17,0
DA:23,0
DA:24,0
DA:25,0
DA:26,0
DA:27,0
DA:28,0
DA:29,0
DA:32,0
DA:40,0
DA:43,0
DA:44,0
DA:48,0
DA:56,0
DA:61,0
DA:62,0
DA:63,0
DA:64,0
DA:65,0
DA:66,0
DA:67,0
DA:70,0
DA:78,0
DA:81,0
DA:82,0
DA:86,0
LF:30
LH:0
BRDA:26,0,0,0
BRDA:26,0,1,0
BRDA:64,1,0,0
BRDA:64,1,1,0
BRF:4
BRH:0
end_of_record
TN:
SF:src/utils/storage.js
FN:14,(anonymous_0)
FN:26,(anonymous_1)
FN:37,(anonymous_2)
FN:49,(anonymous_3)
FN:59,(anonymous_4)
FN:71,(anonymous_5)
FN:74,(anonymous_6)
FN:86,(anonymous_7)
FN:89,(anonymous_8)
FN:99,(anonymous_9)
FN:111,(anonymous_10)
FN:130,(anonymous_11)
FN:142,(anonymous_12)
FN:153,(anonymous_13)
FN:165,(anonymous_14)
FN:175,(anonymous_15)
FN:188,(anonymous_16)
FN:200,(anonymous_17)
FN:211,(anonymous_18)
FN:220,(anonymous_19)
FNF:20
FNH:0
FNDA:0,(anonymous_0)
FNDA:0,(anonymous_1)
FNDA:0,(anonymous_2)
FNDA:0,(anonymous_3)
FNDA:0,(anonymous_4)
FNDA:0,(anonymous_5)
FNDA:0,(anonymous_6)
FNDA:0,(anonymous_7)
FNDA:0,(anonymous_8)
FNDA:0,(anonymous_9)
FNDA:0,(anonymous_10)
FNDA:0,(anonymous_11)
FNDA:0,(anonymous_12)
FNDA:0,(anonymous_13)
FNDA:0,(anonymous_14)
FNDA:0,(anonymous_15)
FNDA:0,(anonymous_16)
FNDA:0,(anonymous_17)
FNDA:0,(anonymous_18)
FNDA:0,(anonymous_19)
DA:3,0
DA:12,0
DA:15,0
DA:16,0
DA:21,0
DA:22,0
DA:27,0
DA:28,0
DA:29,0
DA:31,0
DA:32,0
DA:38,0
DA:39,0
DA:44,0
DA:45,0
DA:50,0
DA:51,0
DA:52,0
DA:54,0
DA:55,0
DA:60,0
DA:61,0
DA:62,0
DA:63,0
DA:64,0
DA:66,0
DA:67,0
DA:72,0
DA:73,0
DA:74,0
DA:75,0
DA:76,0
DA:77,0
DA:79,0
DA:81,0
DA:82,0
DA:87,0
DA:88,0
DA:89,0
DA:90,0
DA:91,0
DA:93,0
DA:94,0
DA:100,0
DA:101,0
DA:106,0
DA:107,0
DA:112,0
DA:113,0
DA:114,0
DA:124,0
DA:125,0
DA:131,0
DA:132,0
DA:137,0
DA:138,0
DA:143,0
DA:144,0
DA:145,0
DA:147,0
DA:148,0
DA:154,0
DA:155,0
DA:160,0
DA:161,0
DA:166,0
DA:167,0
DA:168,0
DA:170,0
DA:171,0
DA:176,0
DA:177,0
DA:178,0
DA:179,0
DA:180,0
DA:182,0
DA:183,0
DA:189,0
DA:190,0
DA:195,0
DA:196,0
DA:201,0
DA:202,0
DA:203,0
DA:205,0
DA:206,0
DA:212,0
DA:213,0
DA:215,0
DA:216,0
DA:221,0
DA:222,0
DA:224,0
DA:225,0
LF:94
LH:0
BRDA:29,0,0,0
BRDA:29,0,1,0
BRDA:52,1,0,0
BRDA:52,1,1,0
BRDA:75,2,0,0
BRDA:75,2,1,0
BRDA:114,3,0,0
BRDA:114,3,1,0
BRDA:145,4,0,0
BRDA:145,4,1,0
BRDA:168,5,0,0
BRDA:168,5,1,0
BRDA:203,6,0,0
BRDA:203,6,1,0
BRF:14
BRH:0
end_of_record
